
> @barra-vips/operator-web@0.1.0 dev
> next dev --hostname 127.0.0.1 --port 3000

▲ Next.js 16.2.4 (Turbopack)
- Local:         http://127.0.0.1:3000
- Network:       http://127.0.0.1:3000
- Environments: .env.local
✓ Ready in 1218ms

 GET /dashboard 200 in 1907ms (next.js: 447ms, proxy.ts: 619ms, application-code: 841ms)
 GET /dashboard 200 in 387ms (next.js: 14ms, proxy.ts: 30ms, application-code: 344ms)
 GET /api/operator/dashboard/summary?window=24h 502 in 847ms (next.js: 302ms, proxy.ts: 170ms, application-code: 375ms)
 GET /api/operator/handoffs/summary?window=7d 502 in 859ms (next.js: 399ms, proxy.ts: 183ms, application-code: 277ms)
 GET /api/operator/dashboard/queues?page_size=10 502 in 890ms (next.js: 463ms, proxy.ts: 189ms, application-code: 237ms)
 GET /api/operator/conversations?page_size=100 502 in 921ms (next.js: 537ms, proxy.ts: 201ms, application-code: 184ms)
 GET /api/operator/conversations?handoff_status=OPENED&page_size=10 502 in 935ms (next.js: 548ms, proxy.ts: 211ms, application-code: 176ms)
 GET /api/operator/conversations?handoff_status=ACKNOWLEDGED&page_size=10 502 in 934ms (next.js: 547ms, proxy.ts: 223ms, application-code: 164ms)
 GET / 307 in 2.7s (next.js: 564ms, proxy.ts: 31ms, application-code: 2.1s)
 GET /api/operator/schedule/slots?from=2026-04-22T21%3A34%3A20.084Z&to=2026-05-06T21%3A34%3A20.084Z&page_size=100 502 in 1694ms (next.js: 507ms, proxy.ts: 374ms, application-code: 813ms)
 GET /api/operator/media?page_size=100 502 in 1701ms (next.js: 665ms, proxy.ts: 385ms, application-code: 651ms)
 GET /api/operator/models/active 502 in 1710ms (next.js: 1006ms, proxy.ts: 442ms, application-code: 262ms)
 GET /api/operator/status/agent?window=24h 502 in 1738ms (next.js: 1155ms, proxy.ts: 472ms, application-code: 112ms)
 GET /dashboard 200 in 2.8s (next.js: 239ms, proxy.ts: 570ms, application-code: 1992ms)
 GET /dashboard 200 in 330ms (next.js: 48ms, proxy.ts: 47ms, application-code: 236ms)
 GET /dashboard 200 in 309ms (next.js: 24ms, proxy.ts: 37ms, application-code: 249ms)
 GET /api/operator/receipts?needs_review=true&page_size=10 502 in 3.1s (next.js: 2.7s, proxy.ts: 394ms, application-code: 42ms)
 GET /api/operator/dashboard/summary?window=24h 502 in 53ms (next.js: 10ms, proxy.ts: 24ms, application-code: 19ms)
 GET /api/operator/handoffs/summary?window=7d 502 in 136ms (next.js: 33ms, proxy.ts: 43ms, application-code: 60ms)
 GET /api/operator/dashboard/queues?page_size=10 502 in 154ms (next.js: 41ms, proxy.ts: 46ms, application-code: 67ms)
 GET /api/operator/conversations?page_size=100 502 in 189ms (next.js: 49ms, proxy.ts: 49ms, application-code: 91ms)
 GET /api/operator/conversations?handoff_status=OPENED&page_size=10 502 in 215ms (next.js: 57ms, proxy.ts: 50ms, application-code: 108ms)
 GET /api/operator/conversations?handoff_status=ACKNOWLEDGED&page_size=10 502 in 237ms (next.js: 64ms, proxy.ts: 52ms, application-code: 121ms)
 GET /api/operator/media?page_size=100 502 in 132ms (next.js: 31ms, proxy.ts: 43ms, application-code: 58ms)
 GET /api/operator/schedule/slots?from=2026-04-22T21%3A34%3A27.490Z&to=2026-05-06T21%3A34%3A27.490Z&page_size=100 502 in 170ms (next.js: 38ms, proxy.ts: 46ms, application-code: 86ms)
 GET /api/operator/receipts?needs_review=true&page_size=10 502 in 186ms (next.js: 46ms, proxy.ts: 46ms, application-code: 93ms)
 GET /api/operator/models/active 502 in 201ms (next.js: 52ms, proxy.ts: 47ms, application-code: 101ms)
 GET /api/operator/status/agent?window=24h 502 in 208ms (next.js: 57ms, proxy.ts: 49ms, application-code: 102ms)
 GET /dashboard 200 in 265ms (next.js: 16ms, proxy.ts: 39ms, application-code: 210ms)
 GET /api/operator/dashboard/summary?window=24h 502 in 163ms (next.js: 52ms, proxy.ts: 61ms, application-code: 51ms)
 GET /api/operator/handoffs/summary?window=7d 502 in 165ms (next.js: 64ms, proxy.ts: 62ms, application-code: 39ms)
 GET /api/operator/dashboard/queues?page_size=10 502 in 184ms (next.js: 71ms, proxy.ts: 55ms, application-code: 58ms)
 GET /api/operator/conversations?page_size=100 502 in 191ms (next.js: 89ms, proxy.ts: 51ms, application-code: 50ms)
 GET /api/operator/conversations?handoff_status=OPENED&page_size=10 502 in 199ms (next.js: 92ms, proxy.ts: 57ms, application-code: 51ms)
 GET /api/operator/conversations?handoff_status=ACKNOWLEDGED&page_size=10 502 in 205ms (next.js: 97ms, proxy.ts: 59ms, application-code: 48ms)
 GET /api/operator/schedule/slots?from=2026-04-22T21%3A34%3A32.803Z&to=2026-05-06T21%3A34%3A32.803Z&page_size=100 502 in 150ms (next.js: 49ms, proxy.ts: 46ms, application-code: 55ms)
 GET /api/operator/media?page_size=100 502 in 153ms (next.js: 62ms, proxy.ts: 48ms, application-code: 43ms)
 GET /api/operator/receipts?needs_review=true&page_size=10 502 in 187ms (next.js: 72ms, proxy.ts: 50ms, application-code: 65ms)
 GET /api/operator/models/active 502 in 190ms (next.js: 94ms, proxy.ts: 50ms, application-code: 46ms)
 GET /api/operator/status/agent?window=24h 502 in 195ms (next.js: 103ms, proxy.ts: 51ms, application-code: 41ms)
 GET /dashboard 200 in 164ms (next.js: 9ms, proxy.ts: 12ms, application-code: 142ms)
 GET /api/operator/dashboard/summary?window=24h 502 in 177ms (next.js: 43ms, proxy.ts: 49ms, application-code: 85ms)
 GET /api/operator/handoffs/summary?window=7d 502 in 181ms (next.js: 50ms, proxy.ts: 52ms, application-code: 79ms)
 GET /api/operator/dashboard/queues?page_size=10 502 in 198ms (next.js: 61ms, proxy.ts: 54ms, application-code: 84ms)
 GET /api/operator/conversations?page_size=100 502 in 255ms (next.js: 82ms, proxy.ts: 52ms, application-code: 120ms)
 GET /api/operator/conversations?handoff_status=OPENED&page_size=10 502 in 274ms (next.js: 152ms, proxy.ts: 49ms, application-code: 73ms)
 GET /api/operator/conversations?handoff_status=ACKNOWLEDGED&page_size=10 502 in 309ms (next.js: 175ms, proxy.ts: 50ms, application-code: 84ms)
 GET /api/operator/schedule/slots?from=2026-04-22T21%3A34%3A35.150Z&to=2026-05-06T21%3A34%3A35.150Z&page_size=100 502 in 268ms (next.js: 90ms, proxy.ts: 88ms, application-code: 90ms)
 GET /api/operator/media?page_size=100 502 in 268ms (next.js: 108ms, proxy.ts: 90ms, application-code: 71ms)
 GET /api/operator/receipts?needs_review=true&page_size=10 502 in 269ms (next.js: 118ms, proxy.ts: 94ms, application-code: 57ms)
 GET /api/operator/models/active 502 in 266ms (next.js: 131ms, proxy.ts: 94ms, application-code: 41ms)
 GET /api/operator/status/agent?window=24h 502 in 262ms (next.js: 155ms, proxy.ts: 82ms, application-code: 25ms)
 GET /dashboard 200 in 230ms (next.js: 13ms, proxy.ts: 40ms, application-code: 177ms)
 GET /dashboard 200 in 284ms (next.js: 17ms, proxy.ts: 21ms, application-code: 246ms)
 GET /dashboard 200 in 237ms (next.js: 18ms, proxy.ts: 15ms, application-code: 205ms)
 GET /dashboard 200 in 391ms (next.js: 27ms, proxy.ts: 47ms, application-code: 317ms)
 GET /api/operator/dashboard/summary?window=24h 502 in 242ms (next.js: 61ms, proxy.ts: 64ms, application-code: 117ms)
 GET /api/operator/handoffs/summary?window=7d 502 in 264ms (next.js: 73ms, proxy.ts: 66ms, application-code: 125ms)
 GET /api/operator/dashboard/queues?page_size=10 502 in 312ms (next.js: 84ms, proxy.ts: 67ms, application-code: 160ms)
 GET /api/operator/conversations?page_size=100 502 in 317ms (next.js: 87ms, proxy.ts: 73ms, application-code: 157ms)
 GET /api/operator/conversations?handoff_status=OPENED&page_size=10 502 in 327ms (next.js: 95ms, proxy.ts: 76ms, application-code: 156ms)
 GET /api/operator/conversations?handoff_status=ACKNOWLEDGED&page_size=10 502 in 334ms (next.js: 110ms, proxy.ts: 78ms, application-code: 146ms)
 GET /api/operator/schedule/slots?from=2026-04-22T21%3A34%3A41.858Z&to=2026-05-06T21%3A34%3A41.858Z&page_size=100 502 in 366ms (next.js: 108ms, proxy.ts: 90ms, application-code: 168ms)
 GET /api/operator/media?page_size=100 502 in 369ms (next.js: 127ms, proxy.ts: 93ms, application-code: 149ms)
 GET /api/operator/receipts?needs_review=true&page_size=10 502 in 366ms (next.js: 147ms, proxy.ts: 94ms, application-code: 124ms)
 GET /api/operator/models/active 502 in 368ms (next.js: 176ms, proxy.ts: 96ms, application-code: 97ms)
 GET /api/operator/status/agent?window=24h 502 in 370ms (next.js: 201ms, proxy.ts: 102ms, application-code: 67ms)
 GET /status 200 in 729ms (next.js: 388ms, proxy.ts: 95ms, application-code: 246ms)
 GET /api/operator/status/agent?window=24h 502 in 308ms (next.js: 15ms, proxy.ts: 36ms, application-code: 257ms)
 GET /api/operator/status/calendar 502 in 327ms (next.js: 104ms, proxy.ts: 38ms, application-code: 185ms)
 GET /api/operator/status/evolution 502 in 341ms (next.js: 183ms, proxy.ts: 35ms, application-code: 122ms)
 GET /api/operator/status/health 502 in 351ms (next.js: 273ms, proxy.ts: 33ms, application-code: 46ms)
 GET /dashboard 200 in 197ms (next.js: 8ms, proxy.ts: 20ms, application-code: 169ms)
 GET /status 200 in 325ms (next.js: 11ms, proxy.ts: 13ms, application-code: 300ms)
 GET / 307 in 174ms (next.js: 9ms, proxy.ts: 11ms, application-code: 154ms)
 GET /dashboard 200 in 160ms (next.js: 17ms, proxy.ts: 13ms, application-code: 130ms)
 GET /dashboard 200 in 594ms (next.js: 11ms, proxy.ts: 14ms, application-code: 569ms)
 GET /api/operator/dashboard/summary?window=24h 502 in 237ms (next.js: 85ms, proxy.ts: 89ms, application-code: 64ms)
 GET /api/operator/handoffs/summary?window=7d 502 in 248ms (next.js: 97ms, proxy.ts: 89ms, application-code: 62ms)
 GET /api/operator/dashboard/queues?page_size=10 502 in 263ms (next.js: 86ms, proxy.ts: 99ms, application-code: 78ms)
 GET /api/operator/conversations?page_size=100 502 in 256ms (next.js: 88ms, proxy.ts: 96ms, application-code: 73ms)
 GET /api/operator/conversations?handoff_status=OPENED&page_size=10 502 in 266ms (next.js: 120ms, proxy.ts: 97ms, application-code: 48ms)
 GET /api/operator/conversations?handoff_status=ACKNOWLEDGED&page_size=10 502 in 267ms (next.js: 127ms, proxy.ts: 101ms, application-code: 38ms)
 GET /api/operator/schedule/slots?from=2026-04-22T21%3A34%3A48.191Z&to=2026-05-06T21%3A34%3A48.191Z&page_size=100 502 in 297ms (next.js: 43ms, proxy.ts: 50ms, application-code: 205ms)
 GET /api/operator/media?page_size=100 502 in 301ms (next.js: 53ms, proxy.ts: 52ms, application-code: 196ms)
 GET /api/operator/receipts?needs_review=true&page_size=10 502 in 533ms (next.js: 58ms, proxy.ts: 53ms, application-code: 421ms)
 GET /api/operator/models/active 502 in 811ms (next.js: 237ms, proxy.ts: 54ms, application-code: 520ms)
 GET /api/operator/status/agent?window=24h 502 in 843ms (next.js: 243ms, proxy.ts: 58ms, application-code: 542ms)
 GET /conversas 200 in 940ms (next.js: 175ms, proxy.ts: 46ms, application-code: 719ms)
 GET /api/operator/conversations?page=1&page_size=25 502 in 41ms (next.js: 12ms, proxy.ts: 14ms, application-code: 16ms)
 GET /api/operator/dashboard/summary?window=24h 502 in 235ms (next.js: 83ms, proxy.ts: 69ms, application-code: 83ms)
 GET /api/operator/handoffs/summary?window=7d 502 in 238ms (next.js: 89ms, proxy.ts: 73ms, application-code: 76ms)
 GET /api/operator/dashboard/queues?page_size=10 502 in 241ms (next.js: 92ms, proxy.ts: 80ms, application-code: 68ms)
 GET /api/operator/conversations?page_size=100 502 in 246ms (next.js: 99ms, proxy.ts: 85ms, application-code: 61ms)
 GET /api/operator/conversations?handoff_status=OPENED&page_size=10 502 in 249ms (next.js: 105ms, proxy.ts: 89ms, application-code: 55ms)
 GET /api/operator/conversations?handoff_status=ACKNOWLEDGED&page_size=10 502 in 254ms (next.js: 110ms, proxy.ts: 92ms, application-code: 52ms)
 GET /handoffs 200 in 725ms (next.js: 93ms, proxy.ts: 15ms, application-code: 616ms)
 GET /api/operator/schedule/slots?from=2026-04-22T21%3A34%3A50.153Z&to=2026-05-06T21%3A34%3A50.153Z&page_size=100 502 in 164ms (next.js: 48ms, proxy.ts: 52ms, application-code: 64ms)
 GET /api/operator/media?page_size=100 502 in 166ms (next.js: 56ms, proxy.ts: 53ms, application-code: 57ms)
 GET /api/operator/receipts?needs_review=true&page_size=10 502 in 170ms (next.js: 62ms, proxy.ts: 55ms, application-code: 53ms)
 GET /api/operator/models/active 502 in 187ms (next.js: 67ms, proxy.ts: 61ms, application-code: 59ms)
 GET /api/operator/status/agent?window=24h 502 in 193ms (next.js: 78ms, proxy.ts: 62ms, application-code: 53ms)
 GET /api/operator/handoffs/summary?window=7d 502 in 104ms (next.js: 47ms, proxy.ts: 27ms, application-code: 30ms)
 GET /api/operator/conversations?handoff_status=OPENED&page_size=50 502 in 115ms (next.js: 57ms, proxy.ts: 27ms, application-code: 30ms)
 GET /api/operator/conversations?handoff_status=ACKNOWLEDGED&page_size=50 502 in 117ms (next.js: 68ms, proxy.ts: 28ms, application-code: 20ms)
 GET /agenda 200 in 363ms (next.js: 108ms, proxy.ts: 82ms, application-code: 174ms)
 GET /api/operator/schedule/slots?page=1&page_size=100&from=2026-04-22T21%3A34%3A00.000Z&to=2026-05-06T21%3A34%3A00.000Z 502 in 214ms (next.js: 10ms, proxy.ts: 19ms, application-code: 185ms)
 GET /midias 200 in 330ms (next.js: 122ms, proxy.ts: 20ms, application-code: 188ms)
 GET /api/operator/media?page=1&page_size=60 502 in 185ms (next.js: 11ms, proxy.ts: 17ms, application-code: 157ms)
 GET /modelos 200 in 320ms (next.js: 98ms, proxy.ts: 20ms, application-code: 201ms)
 GET /api/operator/models/active 502 in 52ms (next.js: 17ms, proxy.ts: 16ms, application-code: 18ms)
 GET /status 200 in 263ms (next.js: 14ms, proxy.ts: 30ms, application-code: 219ms)
 GET /api/operator/dashboard/summary?window=24h 502 in 167ms (next.js: 43ms, proxy.ts: 37ms, application-code: 86ms)
 GET /api/operator/handoffs/summary?window=7d 502 in 171ms (next.js: 59ms, proxy.ts: 39ms, application-code: 73ms)
 GET /api/operator/dashboard/queues?page_size=10 502 in 174ms (next.js: 64ms, proxy.ts: 44ms, application-code: 66ms)
 GET /api/operator/conversations?page_size=100 502 in 177ms (next.js: 73ms, proxy.ts: 45ms, application-code: 58ms)
 GET /api/operator/conversations?handoff_status=OPENED&page_size=10 502 in 184ms (next.js: 84ms, proxy.ts: 46ms, application-code: 54ms)
 GET /api/operator/conversations?handoff_status=ACKNOWLEDGED&page_size=10 502 in 186ms (next.js: 93ms, proxy.ts: 49ms, application-code: 44ms)
 GET /api/operator/schedule/slots?from=2026-04-22T21%3A34%3A57.782Z&to=2026-05-06T21%3A34%3A57.782Z&page_size=100 502 in 164ms (next.js: 40ms, proxy.ts: 31ms, application-code: 93ms)
 GET /api/operator/media?page_size=100 502 in 175ms (next.js: 62ms, proxy.ts: 33ms, application-code: 79ms)
 GET /api/operator/receipts?needs_review=true&page_size=10 502 in 177ms (next.js: 73ms, proxy.ts: 37ms, application-code: 67ms)
 GET /api/operator/models/active 502 in 180ms (next.js: 83ms, proxy.ts: 43ms, application-code: 54ms)
 GET /api/operator/status/agent?window=24h 502 in 184ms (next.js: 95ms, proxy.ts: 45ms, application-code: 44ms)
 GET /api/operator/dashboard/summary?window=24h 502 in 423ms (next.js: 100ms, proxy.ts: 140ms, application-code: 183ms)
 GET /api/operator/handoffs/summary?window=7d 502 in 453ms (next.js: 132ms, proxy.ts: 142ms, application-code: 179ms)
 GET /api/operator/dashboard/queues?page_size=10 502 in 456ms (next.js: 170ms, proxy.ts: 143ms, application-code: 142ms)
 GET /api/operator/conversations?page_size=100 502 in 476ms (next.js: 187ms, proxy.ts: 143ms, application-code: 146ms)
 GET /api/operator/conversations?handoff_status=OPENED&page_size=10 502 in 547ms (next.js: 324ms, proxy.ts: 145ms, application-code: 77ms)
 GET /api/operator/conversations?handoff_status=ACKNOWLEDGED&page_size=10 502 in 564ms (next.js: 342ms, proxy.ts: 154ms, application-code: 69ms)
 GET /api/operator/schedule/slots?from=2026-04-22T21%3A35%3A05.150Z&to=2026-05-06T21%3A35%3A05.150Z&page_size=100 502 in 288ms (next.js: 81ms, proxy.ts: 100ms, application-code: 107ms)
 GET /api/operator/receipts?needs_review=true&page_size=10 502 in 288ms (next.js: 77ms, proxy.ts: 110ms, application-code: 101ms)
 GET /api/operator/media?page_size=100 502 in 333ms (next.js: 115ms, proxy.ts: 101ms, application-code: 117ms)
 GET /api/operator/models/active 502 in 334ms (next.js: 106ms, proxy.ts: 111ms, application-code: 117ms)
 GET /api/operator/status/agent?window=24h 502 in 340ms (next.js: 206ms, proxy.ts: 95ms, application-code: 39ms)
 GET /api/operator/dashboard/summary?window=24h 502 in 56ms (next.js: 10ms, proxy.ts: 16ms, application-code: 30ms)
 GET /api/operator/handoffs/summary?window=7d 502 in 230ms (next.js: 56ms, proxy.ts: 92ms, application-code: 82ms)
 GET /api/operator/dashboard/queues?page_size=10 502 in 246ms (next.js: 64ms, proxy.ts: 99ms, application-code: 83ms)
 GET /api/operator/conversations?page_size=100 502 in 261ms (next.js: 71ms, proxy.ts: 101ms, application-code: 89ms)
 GET /api/operator/conversations?handoff_status=OPENED&page_size=10 502 in 272ms (next.js: 75ms, proxy.ts: 104ms, application-code: 93ms)
 GET /api/operator/conversations?handoff_status=ACKNOWLEDGED&page_size=10 502 in 276ms (next.js: 81ms, proxy.ts: 104ms, application-code: 91ms)
 GET /api/operator/schedule/slots?from=2026-04-22T21%3A35%3A12.642Z&to=2026-05-06T21%3A35%3A12.642Z&page_size=100 502 in 279ms (next.js: 92ms, proxy.ts: 103ms, application-code: 84ms)
 GET /api/operator/media?page_size=100 502 in 191ms (next.js: 40ms, proxy.ts: 52ms, application-code: 99ms)
 GET /api/operator/receipts?needs_review=true&page_size=10 502 in 294ms (next.js: 55ms, proxy.ts: 54ms, application-code: 185ms)
 GET /api/operator/models/active 502 in 395ms (next.js: 62ms, proxy.ts: 59ms, application-code: 274ms)
 GET /api/operator/status/agent?window=24h 502 in 474ms (next.js: 72ms, proxy.ts: 61ms, application-code: 341ms)
 GET /api/operator/dashboard/summary?window=24h 502 in 143ms (next.js: 50ms, proxy.ts: 71ms, application-code: 21ms)
 GET /api/operator/handoffs/summary?window=7d 502 in 206ms (next.js: 60ms, proxy.ts: 60ms, application-code: 86ms)
 GET /api/operator/dashboard/queues?page_size=10 502 in 219ms (next.js: 70ms, proxy.ts: 63ms, application-code: 86ms)
 GET /api/operator/conversations?page_size=100 502 in 243ms (next.js: 79ms, proxy.ts: 65ms, application-code: 100ms)
 GET /api/operator/conversations?handoff_status=OPENED&page_size=10 502 in 267ms (next.js: 92ms, proxy.ts: 65ms, application-code: 111ms)
 GET /api/operator/conversations?handoff_status=ACKNOWLEDGED&page_size=10 502 in 278ms (next.js: 176ms, proxy.ts: 59ms, application-code: 43ms)
 GET /api/operator/schedule/slots?from=2026-04-22T21%3A35%3A20.150Z&to=2026-05-06T21%3A35%3A20.150Z&page_size=100 502 in 160ms (next.js: 50ms, proxy.ts: 60ms, application-code: 50ms)
 GET /api/operator/media?page_size=100 502 in 180ms (next.js: 57ms, proxy.ts: 40ms, application-code: 83ms)
 GET /api/operator/receipts?needs_review=true&page_size=10 502 in 184ms (next.js: 66ms, proxy.ts: 42ms, application-code: 77ms)
 GET /api/operator/models/active 502 in 193ms (next.js: 87ms, proxy.ts: 43ms, application-code: 63ms)
 GET /api/operator/status/agent?window=24h 502 in 195ms (next.js: 105ms, proxy.ts: 44ms, application-code: 45ms)
 GET /api/operator/dashboard/summary?window=24h 502 in 298ms (next.js: 76ms, proxy.ts: 82ms, application-code: 140ms)
 GET /api/operator/handoffs/summary?window=7d 502 in 302ms (next.js: 90ms, proxy.ts: 84ms, application-code: 129ms)
 GET /api/operator/dashboard/queues?page_size=10 502 in 304ms (next.js: 105ms, proxy.ts: 84ms, application-code: 115ms)
 GET /api/operator/conversations?page_size=100 502 in 310ms (next.js: 125ms, proxy.ts: 86ms, application-code: 99ms)
 GET /api/operator/conversations?handoff_status=OPENED&page_size=10 502 in 313ms (next.js: 140ms, proxy.ts: 90ms, application-code: 83ms)
 GET /api/operator/conversations?handoff_status=ACKNOWLEDGED&page_size=10 502 in 317ms (next.js: 157ms, proxy.ts: 90ms, application-code: 71ms)
 GET /api/operator/schedule/slots?from=2026-04-22T21%3A35%3A27.631Z&to=2026-05-06T21%3A35%3A27.631Z&page_size=100 502 in 235ms (next.js: 63ms, proxy.ts: 91ms, application-code: 81ms)
 GET /api/operator/media?page_size=100 502 in 234ms (next.js: 69ms, proxy.ts: 94ms, application-code: 71ms)
 GET /api/operator/receipts?needs_review=true&page_size=10 502 in 234ms (next.js: 79ms, proxy.ts: 97ms, application-code: 57ms)
 GET /api/operator/models/active 502 in 235ms (next.js: 88ms, proxy.ts: 102ms, application-code: 45ms)
 GET /api/operator/status/agent?window=24h 502 in 234ms (next.js: 96ms, proxy.ts: 103ms, application-code: 36ms)
 GET /api/operator/dashboard/summary?window=24h 502 in 139ms (next.js: 59ms, proxy.ts: 50ms, application-code: 30ms)
 GET /api/operator/conversations?page_size=100 502 in 160ms (next.js: 54ms, proxy.ts: 57ms, application-code: 49ms)
 GET /api/operator/handoffs/summary?window=7d 502 in 166ms (next.js: 69ms, proxy.ts: 59ms, application-code: 38ms)
 GET /api/operator/dashboard/queues?page_size=10 502 in 176ms (next.js: 81ms, proxy.ts: 58ms, application-code: 37ms)
 GET /api/operator/conversations?handoff_status=OPENED&page_size=10 502 in 191ms (next.js: 108ms, proxy.ts: 56ms, application-code: 28ms)
 GET /api/operator/conversations?handoff_status=ACKNOWLEDGED&page_size=10 502 in 193ms (next.js: 110ms, proxy.ts: 59ms, application-code: 24ms)
 GET /api/operator/schedule/slots?from=2026-04-22T21%3A35%3A35.152Z&to=2026-05-06T21%3A35%3A35.152Z&page_size=100 502 in 103ms (next.js: 31ms, proxy.ts: 46ms, application-code: 26ms)
 GET /api/operator/media?page_size=100 502 in 117ms (next.js: 34ms, proxy.ts: 37ms, application-code: 45ms)
 GET /api/operator/receipts?needs_review=true&page_size=10 502 in 117ms (next.js: 49ms, proxy.ts: 35ms, application-code: 33ms)
 GET /api/operator/models/active 502 in 123ms (next.js: 59ms, proxy.ts: 36ms, application-code: 28ms)
 GET /api/operator/status/agent?window=24h 502 in 135ms (next.js: 87ms, proxy.ts: 33ms, application-code: 15ms)
 GET /api/operator/dashboard/summary?window=24h 502 in 131ms (next.js: 41ms, proxy.ts: 34ms, application-code: 56ms)
 GET /api/operator/handoffs/summary?window=7d 502 in 873ms (next.js: 48ms, proxy.ts: 36ms, application-code: 789ms)
 GET /api/operator/dashboard/queues?page_size=10 502 in 2.2s (next.js: 52ms, proxy.ts: 38ms, application-code: 2.1s)
 GET /api/operator/conversations?page_size=100 502 in 2.3s (next.js: 59ms, proxy.ts: 40ms, application-code: 2.2s)
 GET /api/operator/conversations?handoff_status=OPENED&page_size=10 502 in 2.4s (next.js: 64ms, proxy.ts: 42ms, application-code: 2.3s)
 GET /api/operator/conversations?handoff_status=ACKNOWLEDGED&page_size=10 502 in 2.4s (next.js: 68ms, proxy.ts: 45ms, application-code: 2.3s)
 GET /api/operator/schedule/slots?from=2026-04-22T21%3A35%3A42.637Z&to=2026-05-06T21%3A35%3A42.637Z&page_size=100 502 in 235ms (next.js: 64ms, proxy.ts: 61ms, application-code: 110ms)
 GET /api/operator/media?page_size=100 502 in 243ms (next.js: 77ms, proxy.ts: 67ms, application-code: 99ms)
 GET /api/operator/receipts?needs_review=true&page_size=10 502 in 244ms (next.js: 95ms, proxy.ts: 71ms, application-code: 78ms)
 GET /api/operator/models/active 502 in 246ms (next.js: 112ms, proxy.ts: 75ms, application-code: 59ms)
 GET /api/operator/status/agent?window=24h 502 in 248ms (next.js: 118ms, proxy.ts: 82ms, application-code: 49ms)
 GET /api/operator/dashboard/summary?window=24h 502 in 126ms (next.js: 42ms, proxy.ts: 49ms, application-code: 36ms)
 GET /api/operator/handoffs/summary?window=7d 502 in 134ms (next.js: 43ms, proxy.ts: 47ms, application-code: 43ms)
 GET /api/operator/dashboard/queues?page_size=10 502 in 137ms (next.js: 51ms, proxy.ts: 50ms, application-code: 37ms)
 GET /api/operator/conversations?page_size=100 502 in 156ms (next.js: 63ms, proxy.ts: 48ms, application-code: 44ms)
 GET /api/operator/conversations?handoff_status=OPENED&page_size=10 502 in 167ms (next.js: 84ms, proxy.ts: 46ms, application-code: 37ms)
 GET /api/operator/conversations?handoff_status=ACKNOWLEDGED&page_size=10 502 in 164ms (next.js: 89ms, proxy.ts: 40ms, application-code: 34ms)
 GET /api/operator/schedule/slots?from=2026-04-22T21%3A35%3A50.146Z&to=2026-05-06T21%3A35%3A50.146Z&page_size=100 502 in 130ms (next.js: 37ms, proxy.ts: 53ms, application-code: 39ms)
 GET /api/operator/media?page_size=100 502 in 132ms (next.js: 45ms, proxy.ts: 54ms, application-code: 33ms)
 GET /api/operator/receipts?needs_review=true&page_size=10 502 in 131ms (next.js: 51ms, proxy.ts: 42ms, application-code: 39ms)
 GET /api/operator/models/active 502 in 147ms (next.js: 70ms, proxy.ts: 39ms, application-code: 38ms)
 GET /api/operator/status/agent?window=24h 502 in 144ms (next.js: 87ms, proxy.ts: 39ms, application-code: 18ms)
 GET /api/operator/dashboard/summary?window=24h 502 in 177ms (next.js: 47ms, proxy.ts: 53ms, application-code: 76ms)
 GET /api/operator/handoffs/summary?window=7d 502 in 181ms (next.js: 55ms, proxy.ts: 58ms, application-code: 68ms)
 GET /api/operator/dashboard/queues?page_size=10 502 in 181ms (next.js: 60ms, proxy.ts: 58ms, application-code: 62ms)
 GET /api/operator/conversations?page_size=100 502 in 183ms (next.js: 71ms, proxy.ts: 60ms, application-code: 52ms)
 GET /api/operator/conversations?handoff_status=OPENED&page_size=10 502 in 185ms (next.js: 79ms, proxy.ts: 60ms, application-code: 46ms)
 GET /api/operator/conversations?handoff_status=ACKNOWLEDGED&page_size=10 502 in 187ms (next.js: 87ms, proxy.ts: 61ms, application-code: 39ms)
 GET /api/operator/schedule/slots?from=2026-04-22T21%3A35%3A57.634Z&to=2026-05-06T21%3A35%3A57.634Z&page_size=100 502 in 136ms (next.js: 34ms, proxy.ts: 39ms, application-code: 63ms)
 GET /api/operator/media?page_size=100 502 in 139ms (next.js: 44ms, proxy.ts: 41ms, application-code: 54ms)
 GET /api/operator/receipts?needs_review=true&page_size=10 502 in 147ms (next.js: 49ms, proxy.ts: 44ms, application-code: 53ms)
 GET /api/operator/models/active 502 in 147ms (next.js: 53ms, proxy.ts: 46ms, application-code: 48ms)
 GET /api/operator/status/agent?window=24h 502 in 150ms (next.js: 63ms, proxy.ts: 47ms, application-code: 40ms)
 GET /api/operator/dashboard/summary?window=24h 502 in 178ms (next.js: 72ms, proxy.ts: 69ms, application-code: 37ms)
 GET /api/operator/handoffs/summary?window=7d 502 in 208ms (next.js: 79ms, proxy.ts: 65ms, application-code: 63ms)
 GET /api/operator/dashboard/queues?page_size=10 502 in 212ms (next.js: 90ms, proxy.ts: 67ms, application-code: 56ms)
 GET /api/operator/conversations?page_size=100 502 in 220ms (next.js: 99ms, proxy.ts: 72ms, application-code: 49ms)
 GET /api/operator/conversations?handoff_status=OPENED&page_size=10 502 in 270ms (next.js: 126ms, proxy.ts: 80ms, application-code: 64ms)
 GET /api/operator/conversations?handoff_status=ACKNOWLEDGED&page_size=10 502 in 273ms (next.js: 144ms, proxy.ts: 82ms, application-code: 47ms)
 GET /api/operator/schedule/slots?from=2026-04-22T21%3A36%3A05.140Z&to=2026-05-06T21%3A36%3A05.140Z&page_size=100 502 in 358ms (next.js: 99ms, proxy.ts: 214ms, application-code: 46ms)
 GET /api/operator/media?page_size=100 502 in 301ms (next.js: 93ms, proxy.ts: 158ms, application-code: 50ms)
 GET /api/operator/receipts?needs_review=true&page_size=10 502 in 305ms (next.js: 100ms, proxy.ts: 164ms, application-code: 41ms)
 GET /api/operator/models/active 502 in 313ms (next.js: 109ms, proxy.ts: 168ms, application-code: 36ms)
 GET /api/operator/status/agent?window=24h 502 in 247ms (next.js: 109ms, proxy.ts: 120ms, application-code: 17ms)
 GET /dashboard 200 in 165ms (next.js: 14ms, proxy.ts: 14ms, application-code: 138ms)
 GET /api/operator/dashboard/summary?window=24h 502 in 1538ms (next.js: 1310ms, proxy.ts: 31ms, application-code: 197ms)
 GET /api/operator/dashboard/queues?page_size=10 502 in 1603ms (next.js: 1317ms, proxy.ts: 36ms, application-code: 251ms)
 GET /api/operator/handoffs/summary?window=7d 502 in 1611ms (next.js: 1332ms, proxy.ts: 34ms, application-code: 245ms)
 GET /api/operator/conversations?page_size=100 502 in 1618ms (next.js: 1199ms, proxy.ts: 177ms, application-code: 242ms)
 GET /api/operator/conversations?handoff_status=OPENED&page_size=10 502 in 1642ms (next.js: 1325ms, proxy.ts: 178ms, application-code: 139ms)
 GET /api/operator/conversations?handoff_status=ACKNOWLEDGED&page_size=10 502 in 1652ms (next.js: 1216ms, proxy.ts: 353ms, application-code: 83ms)
 GET /api/operator/schedule/slots?from=2026-04-22T21%3A36%3A12.638Z&to=2026-05-06T21%3A36%3A12.638Z&page_size=100 502 in 186ms (next.js: 37ms, proxy.ts: 53ms, application-code: 95ms)
 GET /api/operator/media?page_size=100 502 in 198ms (next.js: 50ms, proxy.ts: 53ms, application-code: 94ms)
 GET /api/operator/receipts?needs_review=true&page_size=10 502 in 230ms (next.js: 60ms, proxy.ts: 56ms, application-code: 113ms)
 GET /api/operator/models/active 502 in 264ms (next.js: 76ms, proxy.ts: 63ms, application-code: 126ms)
 GET /api/operator/status/agent?window=24h 502 in 283ms (next.js: 89ms, proxy.ts: 66ms, application-code: 128ms)
 GET /api/operator/dashboard/summary?window=24h 502 in 723ms (next.js: 147ms, proxy.ts: 479ms, application-code: 97ms)
 GET /api/operator/handoffs/summary?window=7d 502 in 656ms (next.js: 100ms, proxy.ts: 449ms, application-code: 108ms)
 GET /api/operator/dashboard/queues?page_size=10 502 in 663ms (next.js: 108ms, proxy.ts: 454ms, application-code: 102ms)
 GET /api/operator/conversations?page_size=100 502 in 673ms (next.js: 116ms, proxy.ts: 456ms, application-code: 100ms)
 GET /api/operator/conversations?handoff_status=OPENED&page_size=10 502 in 685ms (next.js: 128ms, proxy.ts: 456ms, application-code: 101ms)
 GET /api/operator/conversations?handoff_status=ACKNOWLEDGED&page_size=10 502 in 699ms (next.js: 152ms, proxy.ts: 463ms, application-code: 84ms)
 GET /api/operator/schedule/slots?from=2026-04-22T21%3A36%3A20.149Z&to=2026-05-06T21%3A36%3A20.149Z&page_size=100 502 in 297ms (next.js: 96ms, proxy.ts: 120ms, application-code: 80ms)
 GET /api/operator/media?page_size=100 502 in 300ms (next.js: 92ms, proxy.ts: 136ms, application-code: 72ms)
 GET /api/operator/receipts?needs_review=true&page_size=10 502 in 320ms (next.js: 95ms, proxy.ts: 143ms, application-code: 82ms)
 GET /api/operator/models/active 502 in 320ms (next.js: 107ms, proxy.ts: 139ms, application-code: 74ms)
 GET /api/operator/status/agent?window=24h 502 in 333ms (next.js: 114ms, proxy.ts: 138ms, application-code: 81ms)
 GET /dashboard 200 in 259ms (next.js: 11ms, proxy.ts: 15ms, application-code: 234ms)
 GET /api/operator/dashboard/summary?window=24h 502 in 231ms (next.js: 52ms, proxy.ts: 79ms, application-code: 99ms)
 GET /api/operator/handoffs/summary?window=7d 502 in 243ms (next.js: 62ms, proxy.ts: 82ms, application-code: 99ms)
 GET /api/operator/dashboard/queues?page_size=10 502 in 246ms (next.js: 72ms, proxy.ts: 84ms, application-code: 90ms)
 GET /api/operator/conversations?page_size=100 502 in 253ms (next.js: 79ms, proxy.ts: 89ms, application-code: 85ms)
 GET /api/operator/conversations?handoff_status=OPENED&page_size=10 502 in 261ms (next.js: 86ms, proxy.ts: 93ms, application-code: 81ms)
 GET /api/operator/conversations?handoff_status=ACKNOWLEDGED&page_size=10 502 in 264ms (next.js: 98ms, proxy.ts: 96ms, application-code: 69ms)
 GET /api/operator/schedule/slots?from=2026-04-22T21%3A36%3A35.154Z&to=2026-05-06T21%3A36%3A35.154Z&page_size=100 502 in 408ms (next.js: 123ms, proxy.ts: 210ms, application-code: 75ms)
 GET /api/operator/media?page_size=100 502 in 409ms (next.js: 134ms, proxy.ts: 212ms, application-code: 63ms)
 GET /api/operator/receipts?needs_review=true&page_size=10 502 in 416ms (next.js: 140ms, proxy.ts: 220ms, application-code: 57ms)
 GET /api/operator/models/active 502 in 417ms (next.js: 143ms, proxy.ts: 224ms, application-code: 49ms)
 GET /api/operator/status/agent?window=24h 502 in 413ms (next.js: 150ms, proxy.ts: 224ms, application-code: 40ms)
 GET /api/operator/dashboard/summary?window=24h 502 in 37ms (next.js: 10ms, proxy.ts: 12ms, application-code: 15ms)
 GET /api/operator/dashboard/summary?window=24h 502 in 103ms (next.js: 41ms, proxy.ts: 39ms, application-code: 24ms)
 GET /api/operator/handoffs/summary?window=7d 502 in 118ms (next.js: 38ms, proxy.ts: 41ms, application-code: 39ms)
 GET /api/operator/dashboard/queues?page_size=10 502 in 126ms (next.js: 49ms, proxy.ts: 43ms, application-code: 34ms)
 GET /api/operator/conversations?page_size=100 502 in 148ms (next.js: 57ms, proxy.ts: 42ms, application-code: 49ms)
 GET /api/operator/conversations?handoff_status=OPENED&page_size=10 502 in 163ms (next.js: 77ms, proxy.ts: 42ms, application-code: 44ms)
 GET /api/operator/conversations?handoff_status=ACKNOWLEDGED&page_size=10 502 in 168ms (next.js: 86ms, proxy.ts: 43ms, application-code: 39ms)
 GET /api/operator/schedule/slots?from=2026-04-22T21%3A36%3A50.147Z&to=2026-05-06T21%3A36%3A50.147Z&page_size=100 502 in 324ms (next.js: 238ms, proxy.ts: 54ms, application-code: 32ms)
 GET /api/operator/media?page_size=100 502 in 330ms (next.js: 244ms, proxy.ts: 61ms, application-code: 25ms)
 GET /api/operator/receipts?needs_review=true&page_size=10 502 in 333ms (next.js: 262ms, proxy.ts: 50ms, application-code: 21ms)
 GET /api/operator/models/active 502 in 337ms (next.js: 269ms, proxy.ts: 51ms, application-code: 17ms)
 GET /api/operator/status/agent?window=24h 502 in 342ms (next.js: 106ms, proxy.ts: 222ms, application-code: 14ms)
 GET /api/operator/dashboard/summary?window=24h 502 in 216ms (next.js: 42ms, proxy.ts: 36ms, application-code: 139ms)
 GET /api/operator/handoffs/summary?window=7d 502 in 790ms (next.js: 62ms, proxy.ts: 36ms, application-code: 693ms)
 GET /api/operator/dashboard/queues?page_size=10 502 in 904ms (next.js: 81ms, proxy.ts: 38ms, application-code: 785ms)
 GET /api/operator/conversations?page_size=100 502 in 913ms (next.js: 138ms, proxy.ts: 40ms, application-code: 736ms)
 GET /api/operator/conversations?handoff_status=OPENED&page_size=10 502 in 921ms (next.js: 146ms, proxy.ts: 40ms, application-code: 735ms)
 GET /api/operator/conversations?handoff_status=ACKNOWLEDGED&page_size=10 502 in 929ms (next.js: 150ms, proxy.ts: 43ms, application-code: 736ms)
 GET /api/operator/schedule/slots?from=2026-04-22T21%3A36%3A58.639Z&to=2026-05-06T21%3A36%3A58.639Z&page_size=100 502 in 145ms (next.js: 44ms, proxy.ts: 42ms, application-code: 59ms)
 GET /api/operator/media?page_size=100 502 in 152ms (next.js: 52ms, proxy.ts: 46ms, application-code: 54ms)
 GET /api/operator/receipts?needs_review=true&page_size=10 502 in 157ms (next.js: 58ms, proxy.ts: 48ms, application-code: 51ms)
 GET /api/operator/models/active 502 in 157ms (next.js: 62ms, proxy.ts: 48ms, application-code: 47ms)
 GET /api/operator/status/agent?window=24h 502 in 1330ms (next.js: 71ms, proxy.ts: 50ms, application-code: 1209ms)
 GET /api/operator/dashboard/summary?window=24h 502 in 196ms (next.js: 55ms, proxy.ts: 92ms, application-code: 48ms)
 GET /api/operator/handoffs/summary?window=7d 502 in 820ms (next.js: 55ms, proxy.ts: 70ms, application-code: 695ms)
 GET /api/operator/dashboard/queues?page_size=10 502 in 1289ms (next.js: 65ms, proxy.ts: 67ms, application-code: 1157ms)
 GET /api/operator/conversations?page_size=100 502 in 1382ms (next.js: 729ms, proxy.ts: 66ms, application-code: 587ms)
 GET /api/operator/conversations?handoff_status=OPENED&page_size=10 502 in 1477ms (next.js: 1381ms, proxy.ts: 56ms, application-code: 40ms)
 GET /api/operator/conversations?handoff_status=ACKNOWLEDGED&page_size=10 502 in 1526ms (next.js: 1390ms, proxy.ts: 58ms, application-code: 78ms)
 GET /api/operator/schedule/slots?from=2026-04-22T21%3A37%3A05.147Z&to=2026-05-06T21%3A37%3A05.147Z&page_size=100 502 in 147ms (next.js: 27ms, proxy.ts: 96ms, application-code: 24ms)
 GET /api/operator/media?page_size=100 502 in 161ms (next.js: 31ms, proxy.ts: 97ms, application-code: 34ms)
 GET /api/operator/receipts?needs_review=true&page_size=10 502 in 128ms (next.js: 33ms, proxy.ts: 39ms, application-code: 57ms)
 GET /api/operator/models/active 502 in 217ms (next.js: 61ms, proxy.ts: 33ms, application-code: 123ms)
 GET /api/operator/status/agent?window=24h 502 in 311ms (next.js: 260ms, proxy.ts: 28ms, application-code: 23ms)
 GET /api/operator/dashboard/summary?window=24h 502 in 127ms (next.js: 44ms, proxy.ts: 44ms, application-code: 39ms)
 GET /api/operator/handoffs/summary?window=7d 502 in 153ms (next.js: 49ms, proxy.ts: 45ms, application-code: 60ms)
 GET /api/operator/dashboard/queues?page_size=10 502 in 163ms (next.js: 68ms, proxy.ts: 47ms, application-code: 48ms)
 GET /api/operator/conversations?page_size=100 502 in 170ms (next.js: 74ms, proxy.ts: 50ms, application-code: 46ms)
 GET /api/operator/conversations?handoff_status=OPENED&page_size=10 502 in 189ms (next.js: 83ms, proxy.ts: 49ms, application-code: 56ms)
 GET /api/operator/conversations?handoff_status=ACKNOWLEDGED&page_size=10 502 in 196ms (next.js: 115ms, proxy.ts: 49ms, application-code: 33ms)
 GET /api/operator/schedule/slots?from=2026-04-22T21%3A37%3A20.142Z&to=2026-05-06T21%3A37%3A20.142Z&page_size=100 502 in 110ms (next.js: 38ms, proxy.ts: 45ms, application-code: 27ms)
 GET /api/operator/media?page_size=100 502 in 134ms (next.js: 41ms, proxy.ts: 37ms, application-code: 55ms)
 GET /api/operator/receipts?needs_review=true&page_size=10 502 in 134ms (next.js: 58ms, proxy.ts: 37ms, application-code: 39ms)
 GET /api/operator/models/active 502 in 139ms (next.js: 61ms, proxy.ts: 43ms, application-code: 36ms)
 GET /api/operator/status/agent?window=24h 502 in 142ms (next.js: 66ms, proxy.ts: 47ms, application-code: 29ms)
 GET /api/operator/dashboard/summary?window=24h 502 in 120ms (next.js: 45ms, proxy.ts: 40ms, application-code: 35ms)
 GET /api/operator/handoffs/summary?window=7d 502 in 124ms (next.js: 48ms, proxy.ts: 33ms, application-code: 43ms)
 GET /api/operator/dashboard/queues?page_size=10 502 in 127ms (next.js: 57ms, proxy.ts: 35ms, application-code: 35ms)
 GET /api/operator/conversations?page_size=100 502 in 139ms (next.js: 65ms, proxy.ts: 41ms, application-code: 32ms)
 GET /api/operator/conversations?handoff_status=OPENED&page_size=10 502 in 171ms (next.js: 96ms, proxy.ts: 38ms, application-code: 38ms)
 GET /api/operator/conversations?handoff_status=ACKNOWLEDGED&page_size=10 502 in 177ms (next.js: 103ms, proxy.ts: 39ms, application-code: 34ms)
 GET /api/operator/schedule/slots?from=2026-04-22T21%3A37%3A35.151Z&to=2026-05-06T21%3A37%3A35.151Z&page_size=100 502 in 154ms (next.js: 56ms, proxy.ts: 57ms, application-code: 42ms)
 GET /api/operator/media?page_size=100 502 in 190ms (next.js: 65ms, proxy.ts: 57ms, application-code: 68ms)
 GET /api/operator/receipts?needs_review=true&page_size=10 502 in 190ms (next.js: 71ms, proxy.ts: 44ms, application-code: 75ms)
 GET /api/operator/models/active 502 in 191ms (next.js: 123ms, proxy.ts: 48ms, application-code: 21ms)
 GET /api/operator/status/agent?window=24h 502 in 198ms (next.js: 135ms, proxy.ts: 48ms, application-code: 14ms)
 GET /api/operator/dashboard/summary?window=24h 502 in 131ms (next.js: 51ms, proxy.ts: 58ms, application-code: 22ms)
 GET /api/operator/handoffs/summary?window=7d 502 in 158ms (next.js: 64ms, proxy.ts: 51ms, application-code: 43ms)
 GET /api/operator/dashboard/queues?page_size=10 502 in 163ms (next.js: 71ms, proxy.ts: 52ms, application-code: 40ms)
 GET /api/operator/conversations?page_size=100 502 in 195ms (next.js: 78ms, proxy.ts: 51ms, application-code: 65ms)
 GET /api/operator/conversations?handoff_status=OPENED&page_size=10 502 in 202ms (next.js: 104ms, proxy.ts: 51ms, application-code: 48ms)
 GET /api/operator/conversations?handoff_status=ACKNOWLEDGED&page_size=10 502 in 205ms (next.js: 112ms, proxy.ts: 53ms, application-code: 40ms)
 GET /api/operator/schedule/slots?from=2026-04-22T21%3A37%3A50.159Z&to=2026-05-06T21%3A37%3A50.159Z&page_size=100 502 in 105ms (next.js: 37ms, proxy.ts: 51ms, application-code: 17ms)
 GET /api/operator/media?page_size=100 502 in 125ms (next.js: 47ms, proxy.ts: 36ms, application-code: 42ms)
 GET /api/operator/receipts?needs_review=true&page_size=10 502 in 130ms (next.js: 58ms, proxy.ts: 37ms, application-code: 35ms)
 GET /api/operator/models/active 502 in 148ms (next.js: 63ms, proxy.ts: 42ms, application-code: 42ms)
 GET /api/operator/status/agent?window=24h 502 in 146ms (next.js: 84ms, proxy.ts: 41ms, application-code: 22ms)
 GET /api/operator/dashboard/summary?window=24h 502 in 146ms (next.js: 38ms, proxy.ts: 33ms, application-code: 76ms)
 GET /api/operator/handoffs/summary?window=7d 502 in 618ms (next.js: 44ms, proxy.ts: 33ms, application-code: 541ms)
 GET /api/operator/dashboard/queues?page_size=10 502 in 963ms (next.js: 52ms, proxy.ts: 34ms, application-code: 876ms)
 GET /api/operator/conversations?page_size=100 502 in 1142ms (next.js: 55ms, proxy.ts: 41ms, application-code: 1047ms)
 GET /api/operator/conversations?handoff_status=OPENED&page_size=10 502 in 1148ms (next.js: 69ms, proxy.ts: 42ms, application-code: 1037ms)
 GET /api/operator/conversations?handoff_status=ACKNOWLEDGED&page_size=10 502 in 1155ms (next.js: 79ms, proxy.ts: 43ms, application-code: 1032ms)
 GET /api/operator/media?page_size=100 502 in 232ms (next.js: 49ms, proxy.ts: 58ms, application-code: 125ms)
 GET /api/operator/receipts?needs_review=true&page_size=10 502 in 368ms (next.js: 58ms, proxy.ts: 66ms, application-code: 245ms)
 GET /api/operator/models/active 502 in 504ms (next.js: 64ms, proxy.ts: 62ms, application-code: 378ms)
 GET /api/operator/status/agent?window=24h 502 in 507ms (next.js: 68ms, proxy.ts: 63ms, application-code: 376ms)
 GET /api/operator/schedule/slots?from=2026-04-22T21%3A37%3A58.642Z&to=2026-05-06T21%3A37%3A58.642Z&page_size=100 502 in 547ms (next.js: 480ms, proxy.ts: 55ms, application-code: 12ms)
 GET /api/operator/dashboard/summary?window=24h 502 in 232ms (next.js: 62ms, proxy.ts: 79ms, application-code: 90ms)
 GET /api/operator/handoffs/summary?window=7d 502 in 233ms (next.js: 77ms, proxy.ts: 81ms, application-code: 76ms)
 GET /api/operator/dashboard/queues?page_size=10 502 in 240ms (next.js: 79ms, proxy.ts: 85ms, application-code: 77ms)
 GET /api/operator/conversations?page_size=100 502 in 245ms (next.js: 84ms, proxy.ts: 90ms, application-code: 71ms)
 GET /api/operator/conversations?handoff_status=OPENED&page_size=10 502 in 241ms (next.js: 100ms, proxy.ts: 74ms, application-code: 66ms)
 GET /api/operator/conversations?handoff_status=ACKNOWLEDGED&page_size=10 502 in 260ms (next.js: 146ms, proxy.ts: 69ms, application-code: 46ms)
 GET /api/operator/schedule/slots?from=2026-04-22T21%3A38%3A05.153Z&to=2026-05-06T21%3A38%3A05.153Z&page_size=100 502 in 242ms (next.js: 88ms, proxy.ts: 58ms, application-code: 96ms)
 GET /api/operator/media?page_size=100 502 in 320ms (next.js: 69ms, proxy.ts: 90ms, application-code: 161ms)
 GET /api/operator/receipts?needs_review=true&page_size=10 502 in 342ms (next.js: 70ms, proxy.ts: 101ms, application-code: 171ms)
 GET /api/operator/models/active 502 in 355ms (next.js: 82ms, proxy.ts: 104ms, application-code: 168ms)
 GET /api/operator/status/agent?window=24h 502 in 377ms (next.js: 95ms, proxy.ts: 107ms, application-code: 175ms)
 GET /api/operator/dashboard/summary?window=24h 502 in 157ms (next.js: 58ms, proxy.ts: 57ms, application-code: 43ms)
 GET /api/operator/handoffs/summary?window=7d 502 in 195ms (next.js: 63ms, proxy.ts: 59ms, application-code: 72ms)
 GET /api/operator/dashboard/queues?page_size=10 502 in 205ms (next.js: 86ms, proxy.ts: 61ms, application-code: 58ms)
 GET /api/operator/conversations?page_size=100 502 in 212ms (next.js: 94ms, proxy.ts: 61ms, application-code: 56ms)
 GET /api/operator/conversations?handoff_status=OPENED&page_size=10 502 in 227ms (next.js: 101ms, proxy.ts: 60ms, application-code: 66ms)
 GET /api/operator/conversations?handoff_status=ACKNOWLEDGED&page_size=10 502 in 242ms (next.js: 141ms, proxy.ts: 59ms, application-code: 43ms)
 GET /api/operator/schedule/slots?from=2026-04-22T21%3A38%3A20.155Z&to=2026-05-06T21%3A38%3A20.155Z&page_size=100 502 in 154ms (next.js: 47ms, proxy.ts: 72ms, application-code: 35ms)
 GET /api/operator/media?page_size=100 502 in 194ms (next.js: 57ms, proxy.ts: 55ms, application-code: 82ms)
 GET /api/operator/receipts?needs_review=true&page_size=10 502 in 203ms (next.js: 71ms, proxy.ts: 51ms, application-code: 81ms)
 GET /api/operator/models/active 502 in 221ms (next.js: 76ms, proxy.ts: 59ms, application-code: 87ms)
 GET /api/operator/status/agent?window=24h 502 in 224ms (next.js: 100ms, proxy.ts: 59ms, application-code: 64ms)
 GET /api/operator/dashboard/summary?window=24h 502 in 128ms (next.js: 43ms, proxy.ts: 42ms, application-code: 43ms)
 GET /api/operator/handoffs/summary?window=7d 502 in 152ms (next.js: 46ms, proxy.ts: 39ms, application-code: 67ms)
 GET /api/operator/dashboard/queues?page_size=10 502 in 156ms (next.js: 53ms, proxy.ts: 41ms, application-code: 62ms)
 GET /api/operator/conversations?page_size=100 502 in 164ms (next.js: 70ms, proxy.ts: 43ms, application-code: 52ms)
 GET /api/operator/conversations?handoff_status=OPENED&page_size=10 502 in 168ms (next.js: 81ms, proxy.ts: 47ms, application-code: 40ms)
 GET /api/operator/conversations?handoff_status=ACKNOWLEDGED&page_size=10 502 in 187ms (next.js: 120ms, proxy.ts: 42ms, application-code: 25ms)
 GET /api/operator/schedule/slots?from=2026-04-22T21%3A38%3A35.155Z&to=2026-05-06T21%3A38%3A35.155Z&page_size=100 502 in 167ms (next.js: 38ms, proxy.ts: 77ms, application-code: 53ms)
 GET /api/operator/media?page_size=100 502 in 182ms (next.js: 41ms, proxy.ts: 82ms, application-code: 59ms)
 GET /api/operator/receipts?needs_review=true&page_size=10 502 in 199ms (next.js: 59ms, proxy.ts: 72ms, application-code: 68ms)
 GET /api/operator/models/active 502 in 186ms (next.js: 94ms, proxy.ts: 59ms, application-code: 32ms)
 GET /api/operator/status/agent?window=24h 502 in 182ms (next.js: 99ms, proxy.ts: 59ms, application-code: 24ms)
 GET /dashboard 200 in 292ms (next.js: 16ms, proxy.ts: 16ms, application-code: 260ms)
 GET /api/operator/dashboard/summary?window=24h 502 in 164ms (next.js: 37ms, proxy.ts: 45ms, application-code: 82ms)
 GET /api/operator/handoffs/summary?window=7d 502 in 167ms (next.js: 50ms, proxy.ts: 47ms, application-code: 70ms)
 GET /api/operator/dashboard/queues?page_size=10 502 in 170ms (next.js: 61ms, proxy.ts: 46ms, application-code: 63ms)
 GET /api/operator/conversations?page_size=100 502 in 173ms (next.js: 72ms, proxy.ts: 47ms, application-code: 54ms)
 GET /api/operator/conversations?handoff_status=OPENED&page_size=10 502 in 176ms (next.js: 77ms, proxy.ts: 50ms, application-code: 49ms)
 GET /api/operator/conversations?handoff_status=ACKNOWLEDGED&page_size=10 502 in 177ms (next.js: 87ms, proxy.ts: 52ms, application-code: 39ms)
 GET /api/operator/schedule/slots?from=2026-04-22T21%3A38%3A58.652Z&to=2026-05-06T21%3A38%3A58.652Z&page_size=100 502 in 146ms (next.js: 28ms, proxy.ts: 29ms, application-code: 89ms)
 GET /api/operator/media?page_size=100 502 in 157ms (next.js: 38ms, proxy.ts: 31ms, application-code: 88ms)
 GET /api/operator/receipts?needs_review=true&page_size=10 502 in 175ms (next.js: 52ms, proxy.ts: 32ms, application-code: 90ms)
 GET /api/operator/models/active 502 in 197ms (next.js: 60ms, proxy.ts: 36ms, application-code: 101ms)
 GET /api/operator/status/agent?window=24h 502 in 260ms (next.js: 81ms, proxy.ts: 35ms, application-code: 144ms)
 GET /api/operator/dashboard/summary?window=24h 502 in 615ms (next.js: 333ms, proxy.ts: 44ms, application-code: 239ms)
 GET /api/operator/handoffs/summary?window=7d 502 in 622ms (next.js: 358ms, proxy.ts: 46ms, application-code: 218ms)
 GET /api/operator/dashboard/queues?page_size=10 502 in 629ms (next.js: 434ms, proxy.ts: 70ms, application-code: 125ms)
 GET /api/operator/conversations?page_size=100 502 in 636ms (next.js: 399ms, proxy.ts: 140ms, application-code: 97ms)
 GET /api/operator/conversations?handoff_status=OPENED&page_size=10 502 in 648ms (next.js: 380ms, proxy.ts: 191ms, application-code: 77ms)
 GET /api/operator/conversations?handoff_status=ACKNOWLEDGED&page_size=10 502 in 657ms (next.js: 333ms, proxy.ts: 252ms, application-code: 72ms)
 GET /api/operator/schedule/slots?from=2026-04-22T21%3A39%3A42.933Z&to=2026-05-06T21%3A39%3A42.933Z&page_size=100 502 in 192ms (next.js: 50ms, proxy.ts: 48ms, application-code: 94ms)
 GET /api/operator/media?page_size=100 502 in 191ms (next.js: 59ms, proxy.ts: 45ms, application-code: 86ms)
 GET /api/operator/receipts?needs_review=true&page_size=10 502 in 199ms (next.js: 71ms, proxy.ts: 48ms, application-code: 81ms)
 GET /api/operator/models/active 502 in 209ms (next.js: 76ms, proxy.ts: 52ms, application-code: 81ms)
 GET /api/operator/status/agent?window=24h 502 in 213ms (next.js: 90ms, proxy.ts: 58ms, application-code: 64ms)
 GET /api/operator/dashboard/summary?window=24h 502 in 1097ms (next.js: 230ms, proxy.ts: 631ms, application-code: 235ms)
 GET /api/operator/handoffs/summary?window=7d 502 in 1010ms (next.js: 230ms, proxy.ts: 564ms, application-code: 215ms)
 GET /api/operator/dashboard/queues?page_size=10 502 in 1049ms (next.js: 280ms, proxy.ts: 564ms, application-code: 204ms)
 GET /api/operator/conversations?page_size=100 502 in 1055ms (next.js: 312ms, proxy.ts: 575ms, application-code: 168ms)
 GET /api/operator/conversations?handoff_status=OPENED&page_size=10 502 in 957ms (next.js: 311ms, proxy.ts: 487ms, application-code: 158ms)
 GET /api/operator/conversations?handoff_status=ACKNOWLEDGED&page_size=10 502 in 945ms (next.js: 306ms, proxy.ts: 461ms, application-code: 177ms)
 GET /api/operator/schedule/slots?from=2026-04-22T21%3A39%3A45.739Z&to=2026-05-06T21%3A39%3A45.739Z&page_size=100 502 in 280ms (next.js: 102ms, proxy.ts: 79ms, application-code: 99ms)
 GET /api/operator/media?page_size=100 502 in 283ms (next.js: 111ms, proxy.ts: 85ms, application-code: 87ms)
 GET /api/operator/receipts?needs_review=true&page_size=10 502 in 290ms (next.js: 121ms, proxy.ts: 92ms, application-code: 77ms)
 GET /api/operator/models/active 502 in 311ms (next.js: 131ms, proxy.ts: 101ms, application-code: 79ms)
 GET /api/operator/status/agent?window=24h 502 in 346ms (next.js: 140ms, proxy.ts: 105ms, application-code: 101ms)
 GET /dashboard 200 in 358ms (next.js: 18ms, proxy.ts: 39ms, application-code: 301ms)
 GET /api/operator/dashboard/summary?window=24h 502 in 166ms (next.js: 42ms, proxy.ts: 52ms, application-code: 72ms)
 GET /api/operator/handoffs/summary?window=7d 502 in 165ms (next.js: 48ms, proxy.ts: 52ms, application-code: 65ms)
 GET /api/operator/dashboard/queues?page_size=10 502 in 163ms (next.js: 55ms, proxy.ts: 50ms, application-code: 58ms)
 GET /api/operator/conversations?page_size=100 502 in 165ms (next.js: 55ms, proxy.ts: 57ms, application-code: 53ms)
 GET /api/operator/conversations?handoff_status=OPENED&page_size=10 502 in 167ms (next.js: 63ms, proxy.ts: 59ms, application-code: 45ms)
 GET /api/operator/conversations?handoff_status=ACKNOWLEDGED&page_size=10 502 in 169ms (next.js: 72ms, proxy.ts: 60ms, application-code: 37ms)
 GET /api/operator/schedule/slots?from=2026-04-22T21%3A39%3A49.382Z&to=2026-05-06T21%3A39%3A49.382Z&page_size=100 502 in 113ms (next.js: 28ms, proxy.ts: 34ms, application-code: 51ms)
 GET /api/operator/media?page_size=100 502 in 114ms (next.js: 35ms, proxy.ts: 35ms, application-code: 44ms)
 GET /api/operator/receipts?needs_review=true&page_size=10 502 in 117ms (next.js: 40ms, proxy.ts: 37ms, application-code: 40ms)
 GET /api/operator/models/active 502 in 118ms (next.js: 47ms, proxy.ts: 38ms, application-code: 33ms)
 GET /api/operator/status/agent?window=24h 502 in 120ms (next.js: 54ms, proxy.ts: 40ms, application-code: 26ms)
 GET /api/operator/dashboard/summary?window=24h 502 in 173ms (next.js: 38ms, proxy.ts: 63ms, application-code: 72ms)
 GET /api/operator/handoffs/summary?window=7d 502 in 177ms (next.js: 46ms, proxy.ts: 64ms, application-code: 67ms)
 GET /api/operator/dashboard/queues?page_size=10 502 in 182ms (next.js: 53ms, proxy.ts: 65ms, application-code: 64ms)
 GET /api/operator/conversations?page_size=100 502 in 185ms (next.js: 55ms, proxy.ts: 71ms, application-code: 59ms)
 GET /api/operator/conversations?handoff_status=OPENED&page_size=10 502 in 188ms (next.js: 63ms, proxy.ts: 72ms, application-code: 53ms)
 GET /api/operator/conversations?handoff_status=ACKNOWLEDGED&page_size=10 502 in 179ms (next.js: 69ms, proxy.ts: 64ms, application-code: 46ms)
 GET /api/operator/schedule/slots?from=2026-04-22T21%3A40%3A04.391Z&to=2026-05-06T21%3A40%3A04.391Z&page_size=100 502 in 140ms (next.js: 31ms, proxy.ts: 43ms, application-code: 66ms)
 GET /api/operator/media?page_size=100 502 in 142ms (next.js: 37ms, proxy.ts: 44ms, application-code: 61ms)
 GET /api/operator/receipts?needs_review=true&page_size=10 502 in 144ms (next.js: 45ms, proxy.ts: 46ms, application-code: 54ms)
 GET /api/operator/models/active 502 in 146ms (next.js: 56ms, proxy.ts: 48ms, application-code: 42ms)
 GET /api/operator/status/agent?window=24h 502 in 148ms (next.js: 63ms, proxy.ts: 50ms, application-code: 35ms)
 GET /api/operator/dashboard/summary?window=24h 502 in 761ms (next.js: 26ms, proxy.ts: 33ms, application-code: 702ms)
 GET /api/operator/handoffs/summary?window=7d 502 in 1651ms (next.js: 32ms, proxy.ts: 34ms, application-code: 1585ms)
 GET /api/operator/dashboard/queues?page_size=10 502 in 2.7s (next.js: 132ms, proxy.ts: 35ms, application-code: 2.5s)
 GET /api/operator/conversations?page_size=100 502 in 3.5s (next.js: 292ms, proxy.ts: 36ms, application-code: 3.2s)
 GET /api/operator/conversations?handoff_status=OPENED&page_size=10 502 in 4.8s (next.js: 298ms, proxy.ts: 38ms, application-code: 4.5s)
 GET /api/operator/conversations?handoff_status=ACKNOWLEDGED&page_size=10 502 in 6.3s (next.js: 302ms, proxy.ts: 39ms, application-code: 6.0s)
 GET /api/operator/schedule/slots?from=2026-04-22T21%3A40%3A19.644Z&to=2026-05-06T21%3A40%3A19.644Z&page_size=100 502 in 89ms (next.js: 25ms, proxy.ts: 26ms, application-code: 38ms)
 GET /api/operator/media?page_size=100 502 in 1002ms (next.js: 30ms, proxy.ts: 27ms, application-code: 944ms)
 GET /api/operator/receipts?needs_review=true&page_size=10 502 in 1666ms (next.js: 37ms, proxy.ts: 28ms, application-code: 1602ms)
 GET /api/operator/status/agent?window=24h 502 in 2.8s (next.js: 37ms, proxy.ts: 33ms, application-code: 2.8s)
 GET /api/operator/models/active 502 in 3.7s (next.js: 3.7s, proxy.ts: 29ms, application-code: 14ms)
 GET /api/operator/dashboard/summary?window=24h 502 in 75ms (next.js: 19ms, proxy.ts: 24ms, application-code: 32ms)
 GET /api/operator/handoffs/summary?window=7d 502 in 77ms (next.js: 28ms, proxy.ts: 24ms, application-code: 25ms)
 GET /api/operator/dashboard/queues?page_size=10 502 in 80ms (next.js: 29ms, proxy.ts: 30ms, application-code: 21ms)
 GET /api/operator/conversations?page_size=100 502 in 73ms (next.js: 21ms, proxy.ts: 25ms, application-code: 27ms)
 GET /api/operator/conversations?handoff_status=ACKNOWLEDGED&page_size=10 502 in 70ms (next.js: 18ms, proxy.ts: 28ms, application-code: 24ms)
 GET /api/operator/conversations?handoff_status=OPENED&page_size=10 502 in 78ms (next.js: 33ms, proxy.ts: 25ms, application-code: 19ms)
 GET /api/operator/schedule/slots?from=2026-04-22T21%3A40%3A34.645Z&to=2026-05-06T21%3A40%3A34.645Z&page_size=100 502 in 79ms (next.js: 14ms, proxy.ts: 34ms, application-code: 31ms)
 GET /api/operator/media?page_size=100 502 in 80ms (next.js: 19ms, proxy.ts: 34ms, application-code: 27ms)
 GET /api/operator/receipts?needs_review=true&page_size=10 502 in 86ms (next.js: 27ms, proxy.ts: 34ms, application-code: 25ms)
 GET /api/operator/models/active 502 in 119ms (next.js: 69ms, proxy.ts: 27ms, application-code: 24ms)
 GET /api/operator/status/agent?window=24h 502 in 119ms (next.js: 71ms, proxy.ts: 32ms, application-code: 17ms)
 GET /api/operator/dashboard/summary?window=24h 502 in 73ms (next.js: 18ms, proxy.ts: 25ms, application-code: 31ms)
 GET /api/operator/handoffs/summary?window=7d 502 in 75ms (next.js: 25ms, proxy.ts: 25ms, application-code: 25ms)
 GET /api/operator/dashboard/queues?page_size=10 502 in 77ms (next.js: 32ms, proxy.ts: 25ms, application-code: 20ms)
 GET /api/operator/conversations?page_size=100 502 in 57ms (next.js: 12ms, proxy.ts: 18ms, application-code: 27ms)
 GET /api/operator/conversations?handoff_status=OPENED&page_size=10 502 in 60ms (next.js: 18ms, proxy.ts: 20ms, application-code: 22ms)
 GET /api/operator/conversations?handoff_status=ACKNOWLEDGED&page_size=10 502 in 60ms (next.js: 26ms, proxy.ts: 17ms, application-code: 17ms)
 GET /api/operator/schedule/slots?from=2026-04-22T21%3A40%3A49.654Z&to=2026-05-06T21%3A40%3A49.654Z&page_size=100 502 in 60ms (next.js: 17ms, proxy.ts: 16ms, application-code: 27ms)
 GET /api/operator/media?page_size=100 502 in 63ms (next.js: 23ms, proxy.ts: 17ms, application-code: 23ms)
 GET /api/operator/receipts?needs_review=true&page_size=10 502 in 67ms (next.js: 27ms, proxy.ts: 18ms, application-code: 23ms)
 GET /api/operator/models/active 502 in 36ms (next.js: 8ms, proxy.ts: 13ms, application-code: 15ms)
 GET /api/operator/status/agent?window=24h 502 in 39ms (next.js: 14ms, proxy.ts: 13ms, application-code: 12ms)
 GET /api/operator/dashboard/summary?window=24h 502 in 91ms (next.js: 24ms, proxy.ts: 23ms, application-code: 44ms)
 GET /api/operator/handoffs/summary?window=7d 502 in 94ms (next.js: 34ms, proxy.ts: 25ms, application-code: 35ms)
 GET /api/operator/dashboard/queues?page_size=10 502 in 100ms (next.js: 38ms, proxy.ts: 30ms, application-code: 32ms)
 GET /api/operator/conversations?page_size=100 502 in 81ms (next.js: 20ms, proxy.ts: 29ms, application-code: 33ms)
 GET /api/operator/conversations?handoff_status=OPENED&page_size=10 502 in 85ms (next.js: 28ms, proxy.ts: 30ms, application-code: 26ms)
 GET /api/operator/conversations?handoff_status=ACKNOWLEDGED&page_size=10 502 in 87ms (next.js: 32ms, proxy.ts: 35ms, application-code: 20ms)
 GET /api/operator/schedule/slots?from=2026-04-22T21%3A41%3A04.646Z&to=2026-05-06T21%3A41%3A04.646Z&page_size=100 502 in 110ms (next.js: 28ms, proxy.ts: 24ms, application-code: 58ms)
 GET /api/operator/media?page_size=100 502 in 119ms (next.js: 37ms, proxy.ts: 28ms, application-code: 55ms)
 GET /api/operator/receipts?needs_review=true&page_size=10 502 in 123ms (next.js: 55ms, proxy.ts: 29ms, application-code: 39ms)
 GET /api/operator/models/active 502 in 55ms (next.js: 11ms, proxy.ts: 20ms, application-code: 24ms)
 GET /api/operator/status/agent?window=24h 502 in 57ms (next.js: 17ms, proxy.ts: 22ms, application-code: 19ms)
 GET /api/operator/dashboard/summary?window=24h 502 in 28ms (next.js: 6ms, proxy.ts: 11ms, application-code: 12ms)
 GET /api/operator/handoffs/summary?window=7d 502 in 31ms (next.js: 6ms, proxy.ts: 12ms, application-code: 14ms)
 GET /api/operator/dashboard/queues?page_size=10 502 in 29ms (next.js: 8ms, proxy.ts: 9ms, application-code: 12ms)
 GET /api/operator/conversations?page_size=100 502 in 32ms (next.js: 8ms, proxy.ts: 10ms, application-code: 14ms)
 GET /api/operator/conversations?handoff_status=OPENED&page_size=10 502 in 29ms (next.js: 6ms, proxy.ts: 11ms, application-code: 12ms)
 GET /api/operator/conversations?handoff_status=ACKNOWLEDGED&page_size=10 502 in 29ms (next.js: 8ms, proxy.ts: 9ms, application-code: 12ms)
 GET /api/operator/schedule/slots?from=2026-04-22T21%3A41%3A19.656Z&to=2026-05-06T21%3A41%3A19.656Z&page_size=100 502 in 28ms (next.js: 6ms, proxy.ts: 10ms, application-code: 12ms)
 GET /api/operator/media?page_size=100 502 in 28ms (next.js: 5ms, proxy.ts: 12ms, application-code: 11ms)
 GET /api/operator/receipts?needs_review=true&page_size=10 502 in 29ms (next.js: 6ms, proxy.ts: 12ms, application-code: 11ms)
 GET /api/operator/status/agent?window=24h 502 in 50ms (next.js: 15ms, proxy.ts: 16ms, application-code: 20ms)
 GET /api/operator/models/active 502 in 52ms (next.js: 22ms, proxy.ts: 17ms, application-code: 13ms)
 GET /api/operator/dashboard/summary?window=24h 502 in 97ms (next.js: 23ms, proxy.ts: 27ms, application-code: 47ms)
 GET /api/operator/handoffs/summary?window=7d 502 in 100ms (next.js: 31ms, proxy.ts: 28ms, application-code: 40ms)
 GET /api/operator/dashboard/queues?page_size=10 502 in 102ms (next.js: 42ms, proxy.ts: 31ms, application-code: 29ms)
 GET /api/operator/conversations?page_size=100 502 in 74ms (next.js: 15ms, proxy.ts: 27ms, application-code: 32ms)
 GET /api/operator/conversations?handoff_status=OPENED&page_size=10 502 in 73ms (next.js: 22ms, proxy.ts: 25ms, application-code: 26ms)
 GET /api/operator/conversations?handoff_status=ACKNOWLEDGED&page_size=10 502 in 73ms (next.js: 31ms, proxy.ts: 24ms, application-code: 18ms)
 GET /api/operator/schedule/slots?from=2026-04-22T21%3A41%3A34.645Z&to=2026-05-06T21%3A41%3A34.645Z&page_size=100 502 in 71ms (next.js: 18ms, proxy.ts: 22ms, application-code: 31ms)
 GET /api/operator/media?page_size=100 502 in 72ms (next.js: 24ms, proxy.ts: 22ms, application-code: 26ms)
 GET /api/operator/receipts?needs_review=true&page_size=10 502 in 73ms (next.js: 32ms, proxy.ts: 24ms, application-code: 18ms)
 GET /api/operator/models/active 502 in 55ms (next.js: 13ms, proxy.ts: 18ms, application-code: 24ms)
 GET /api/operator/status/agent?window=24h 502 in 55ms (next.js: 20ms, proxy.ts: 19ms, application-code: 16ms)
 GET /api/operator/dashboard/summary?window=24h 502 in 97ms (next.js: 27ms, proxy.ts: 22ms, application-code: 48ms)
 GET /api/operator/handoffs/summary?window=7d 502 in 100ms (next.js: 34ms, proxy.ts: 28ms, application-code: 38ms)
 GET /api/operator/dashboard/queues?page_size=10 502 in 106ms (next.js: 43ms, proxy.ts: 31ms, application-code: 32ms)
 GET /api/operator/conversations?page_size=100 502 in 121ms (next.js: 21ms, proxy.ts: 65ms, application-code: 35ms)
 GET /api/operator/conversations?handoff_status=OPENED&page_size=10 502 in 123ms (next.js: 29ms, proxy.ts: 66ms, application-code: 28ms)
 GET /api/operator/conversations?handoff_status=ACKNOWLEDGED&page_size=10 502 in 125ms (next.js: 30ms, proxy.ts: 69ms, application-code: 25ms)
 GET /api/operator/schedule/slots?from=2026-04-22T21%3A41%3A58.651Z&to=2026-05-06T21%3A41%3A58.651Z&page_size=100 502 in 72ms (next.js: 17ms, proxy.ts: 23ms, application-code: 32ms)
 GET /api/operator/media?page_size=100 502 in 72ms (next.js: 25ms, proxy.ts: 22ms, application-code: 25ms)
 GET /api/operator/receipts?needs_review=true&page_size=10 502 in 76ms (next.js: 30ms, proxy.ts: 25ms, application-code: 22ms)
 GET /api/operator/models/active 502 in 60ms (next.js: 12ms, proxy.ts: 15ms, application-code: 33ms)
 GET /api/operator/status/agent?window=24h 502 in 63ms (next.js: 19ms, proxy.ts: 16ms, application-code: 28ms)
 GET /dashboard 200 in 216ms (next.js: 12ms, proxy.ts: 14ms, application-code: 190ms)
 GET /api/operator/dashboard/summary?window=24h 502 in 35ms (next.js: 7ms, proxy.ts: 13ms, application-code: 15ms)
 GET /api/operator/handoffs/summary?window=7d 502 in 22ms (next.js: 8ms, proxy.ts: 7ms, application-code: 8ms)
 GET /api/operator/dashboard/queues?page_size=10 502 in 36ms (next.js: 9ms, proxy.ts: 15ms, application-code: 12ms)
 GET /api/operator/conversations?page_size=100 502 in 23ms (next.js: 5ms, proxy.ts: 12ms, application-code: 6ms)
 GET /api/operator/conversations?handoff_status=OPENED&page_size=10 502 in 26ms (next.js: 7ms, proxy.ts: 8ms, application-code: 11ms)
 GET /api/operator/conversations?handoff_status=ACKNOWLEDGED&page_size=10 502 in 24ms (next.js: 5ms, proxy.ts: 8ms, application-code: 11ms)
 GET /api/operator/schedule/slots?from=2026-04-22T21%3A42%3A58.650Z&to=2026-05-06T21%3A42%3A58.650Z&page_size=100 502 in 24ms (next.js: 6ms, proxy.ts: 8ms, application-code: 11ms)
 GET /api/operator/media?page_size=100 502 in 26ms (next.js: 9ms, proxy.ts: 8ms, application-code: 9ms)
 GET /api/operator/receipts?needs_review=true&page_size=10 502 in 19ms (next.js: 4ms, proxy.ts: 8ms, application-code: 8ms)
 GET /api/operator/models/active 502 in 20ms (next.js: 5ms, proxy.ts: 8ms, application-code: 8ms)
 GET /api/operator/status/agent?window=24h 502 in 21ms (next.js: 4ms, proxy.ts: 9ms, application-code: 7ms)
 GET /api/operator/dashboard/summary?window=24h 502 in 123ms (next.js: 31ms, proxy.ts: 37ms, application-code: 55ms)
 GET /api/operator/handoffs/summary?window=7d 502 in 126ms (next.js: 39ms, proxy.ts: 40ms, application-code: 47ms)
 GET /api/operator/dashboard/queues?page_size=10 502 in 275ms (next.js: 44ms, proxy.ts: 42ms, application-code: 189ms)
 GET /api/operator/conversations?page_size=100 502 in 285ms (next.js: 49ms, proxy.ts: 43ms, application-code: 193ms)
 GET /api/operator/conversations?handoff_status=OPENED&page_size=10 502 in 286ms (next.js: 53ms, proxy.ts: 47ms, application-code: 187ms)
 GET /api/operator/conversations?handoff_status=ACKNOWLEDGED&page_size=10 502 in 166ms (next.js: 36ms, proxy.ts: 41ms, application-code: 89ms)
 GET /api/operator/schedule/slots?from=2026-04-22T21%3A43%3A58.660Z&to=2026-05-06T21%3A43%3A58.660Z&page_size=100 502 in 192ms (next.js: 51ms, proxy.ts: 42ms, application-code: 99ms)
 GET /api/operator/media?page_size=100 502 in 197ms (next.js: 69ms, proxy.ts: 45ms, application-code: 83ms)
 GET /api/operator/receipts?needs_review=true&page_size=10 502 in 198ms (next.js: 76ms, proxy.ts: 46ms, application-code: 76ms)
 GET /api/operator/status/agent?window=24h 502 in 199ms (next.js: 80ms, proxy.ts: 50ms, application-code: 68ms)
 GET /api/operator/models/active 502 in 198ms (next.js: 88ms, proxy.ts: 50ms, application-code: 61ms)
 GET /api/operator/conversations?page_size=100 200 in 1753ms (next.js: 57ms, proxy.ts: 47ms, application-code: 1650ms)
 GET /api/operator/conversations?handoff_status=OPENED&page_size=10 200 in 1758ms (next.js: 65ms, proxy.ts: 50ms, application-code: 1644ms)
 GET /api/operator/conversations?handoff_status=ACKNOWLEDGED&page_size=10 200 in 1761ms (next.js: 72ms, proxy.ts: 50ms, application-code: 1638ms)
 GET /api/operator/dashboard/queues?page_size=10 200 in 1780ms (next.js: 49ms, proxy.ts: 43ms, application-code: 1688ms)
 GET /api/operator/handoffs/summary?window=7d 200 in 2.5s (next.js: 43ms, proxy.ts: 38ms, application-code: 2.4s)
 GET /dashboard 200 in 134ms (next.js: 8ms, proxy.ts: 12ms, application-code: 114ms)
 GET /api/operator/schedule/slots?from=2026-04-22T21%3A44%3A58.657Z&to=2026-05-06T21%3A44%3A58.657Z&page_size=100 200 in 860ms (next.js: 25ms, proxy.ts: 29ms, application-code: 806ms)
 GET /api/operator/models/active 200 in 850ms (next.js: 53ms, proxy.ts: 31ms, application-code: 766ms)
 GET /api/operator/media?page_size=100 200 in 861ms (next.js: 31ms, proxy.ts: 29ms, application-code: 802ms)
 GET /api/operator/receipts?needs_review=true&page_size=10 200 in 858ms (next.js: 38ms, proxy.ts: 32ms, application-code: 789ms)
 GET /api/operator/dashboard/summary?window=24h 200 in 2.7s (next.js: 6ms, proxy.ts: 8ms, application-code: 2.7s)
 GET /api/operator/conversations?handoff_status=ACKNOWLEDGED&page_size=10 200 in 1672ms (next.js: 78ms, proxy.ts: 61ms, application-code: 1533ms)
 GET /api/operator/dashboard/queues?page_size=10 200 in 1738ms (next.js: 55ms, proxy.ts: 110ms, application-code: 1573ms)
 GET /api/operator/conversations?page_size=100 200 in 1743ms (next.js: 61ms, proxy.ts: 113ms, application-code: 1569ms)
 GET /api/operator/conversations?handoff_status=OPENED&page_size=10 200 in 1748ms (next.js: 67ms, proxy.ts: 116ms, application-code: 1565ms)
 GET /api/operator/handoffs/summary?window=7d 200 in 2.4s (next.js: 46ms, proxy.ts: 106ms, application-code: 2.2s)
 GET /api/operator/models/active 200 in 1460ms (next.js: 63ms, proxy.ts: 39ms, application-code: 1357ms)
 GET /api/operator/schedule/slots?from=2026-04-22T21%3A45%3A02.758Z&to=2026-05-06T21%3A45%3A02.758Z&page_size=100 200 in 1619ms (next.js: 50ms, proxy.ts: 28ms, application-code: 1540ms)
 GET /api/operator/media?page_size=100 200 in 1624ms (next.js: 55ms, proxy.ts: 32ms, application-code: 1537ms)
 GET /api/operator/receipts?needs_review=true&page_size=10 200 in 1627ms (next.js: 60ms, proxy.ts: 35ms, application-code: 1532ms)
 GET /api/operator/dashboard/summary?window=24h 200 in 3.4s (next.js: 38ms, proxy.ts: 103ms, application-code: 3.3s)
 GET /api/operator/status/agent?window=24h 200 in 2.3s (next.js: 5ms, proxy.ts: 7ms, application-code: 2.2s)
 GET /api/operator/conversations?handoff_status=ACKNOWLEDGED&page_size=10 200 in 1700ms (next.js: 62ms, proxy.ts: 39ms, application-code: 1599ms)
 GET /api/operator/conversations?handoff_status=OPENED&page_size=10 200 in 1730ms (next.js: 55ms, proxy.ts: 42ms, application-code: 1633ms)
 GET /api/operator/dashboard/queues?page_size=10 200 in 1739ms (next.js: 35ms, proxy.ts: 37ms, application-code: 1666ms)
 GET /api/operator/conversations?page_size=100 200 in 1742ms (next.js: 50ms, proxy.ts: 40ms, application-code: 1652ms)
 GET /api/operator/handoffs/summary?window=7d 200 in 2.4s (next.js: 50ms, proxy.ts: 34ms, application-code: 2.4s)
 GET /api/operator/models/active 200 in 1440ms (next.js: 37ms, proxy.ts: 33ms, application-code: 1370ms)
 GET /api/operator/media?page_size=100 200 in 1568ms (next.js: 28ms, proxy.ts: 30ms, application-code: 1511ms)
 GET /api/operator/receipts?needs_review=true&page_size=10 200 in 1568ms (next.js: 30ms, proxy.ts: 31ms, application-code: 1507ms)
 GET /api/operator/dashboard/summary?window=24h 200 in 3.5s (next.js: 34ms, proxy.ts: 39ms, application-code: 3.4s)
 GET /api/operator/schedule/slots?from=2026-04-22T21%3A45%3A17.762Z&to=2026-05-06T21%3A45%3A17.762Z&page_size=100 200 in 1868ms (next.js: 24ms, proxy.ts: 41ms, application-code: 1804ms)
 GET /api/operator/status/agent?window=24h 200 in 2.3s (next.js: 8ms, proxy.ts: 8ms, application-code: 2.3s)
 GET /api/operator/conversations?handoff_status=OPENED&page_size=10 200 in 1676ms (next.js: 51ms, proxy.ts: 42ms, application-code: 1583ms)
 GET /api/operator/conversations?handoff_status=ACKNOWLEDGED&page_size=10 200 in 2.1s (next.js: 59ms, proxy.ts: 42ms, application-code: 1995ms)
 GET /api/operator/conversations?page_size=100 200 in 2.8s (next.js: 46ms, proxy.ts: 41ms, application-code: 2.7s)
 GET /api/operator/dashboard/queues?page_size=10 200 in 3.1s (next.js: 39ms, proxy.ts: 44ms, application-code: 3.0s)
 GET /api/operator/handoffs/summary?window=7d 200 in 3.1s (next.js: 31ms, proxy.ts: 43ms, application-code: 3.1s)
 GET /api/operator/dashboard/summary?window=24h 200 in 3.5s (next.js: 29ms, proxy.ts: 39ms, application-code: 3.4s)
 GET /api/operator/models/active 200 in 1463ms (next.js: 61ms, proxy.ts: 41ms, application-code: 1361ms)
 GET /api/operator/schedule/slots?from=2026-04-22T21%3A45%3A33.665Z&to=2026-05-06T21%3A45%3A33.665Z&page_size=100 200 in 1642ms (next.js: 59ms, proxy.ts: 45ms, application-code: 1539ms)
 GET /api/operator/receipts?needs_review=true&page_size=10 200 in 1624ms (next.js: 56ms, proxy.ts: 40ms, application-code: 1528ms)
 GET /api/operator/media?page_size=100 200 in 1631ms (next.js: 53ms, proxy.ts: 39ms, application-code: 1539ms)
 GET /api/operator/status/agent?window=24h 200 in 2.4s (next.js: 43ms, proxy.ts: 60ms, application-code: 2.2s)
 GET /api/operator/conversations?handoff_status=OPENED&page_size=10 200 in 1679ms (next.js: 57ms, proxy.ts: 39ms, application-code: 1583ms)
 GET /api/operator/conversations?handoff_status=ACKNOWLEDGED&page_size=10 200 in 1695ms (next.js: 30ms, proxy.ts: 27ms, application-code: 1638ms)
 GET /api/operator/dashboard/queues?page_size=10 200 in 1697ms (next.js: 46ms, proxy.ts: 34ms, application-code: 1617ms)
 GET /api/operator/conversations?page_size=100 200 in 1700ms (next.js: 51ms, proxy.ts: 36ms, application-code: 1613ms)
 GET /api/operator/handoffs/summary?window=7d 200 in 2.4s (next.js: 39ms, proxy.ts: 33ms, application-code: 2.3s)
 GET /api/operator/models/active 200 in 1418ms (next.js: 31ms, proxy.ts: 23ms, application-code: 1364ms)
 GET /api/operator/media?page_size=100 200 in 1542ms (next.js: 23ms, proxy.ts: 21ms, application-code: 1498ms)
 GET /api/operator/schedule/slots?from=2026-04-22T21%3A45%3A48.656Z&to=2026-05-06T21%3A45%3A48.656Z&page_size=100 200 in 1561ms (next.js: 21ms, proxy.ts: 23ms, application-code: 1516ms)
 GET /api/operator/receipts?needs_review=true&page_size=10 200 in 1571ms (next.js: 28ms, proxy.ts: 21ms, application-code: 1522ms)
 GET /api/operator/dashboard/summary?window=24h 200 in 3.4s (next.js: 34ms, proxy.ts: 32ms, application-code: 3.4s)
 GET /api/operator/status/agent?window=24h 200 in 2.2s (next.js: 6ms, proxy.ts: 6ms, application-code: 2.2s)
 GET /api/operator/conversations?handoff_status=ACKNOWLEDGED&page_size=10 200 in 1705ms (next.js: 91ms, proxy.ts: 55ms, application-code: 1559ms)
 GET /api/operator/conversations?handoff_status=OPENED&page_size=10 200 in 2.6s (next.js: 87ms, proxy.ts: 51ms, application-code: 2.5s)
 GET /api/operator/conversations?page_size=100 200 in 3.5s (next.js: 78ms, proxy.ts: 50ms, application-code: 3.3s)
 GET /api/operator/dashboard/queues?page_size=10 200 in 4.4s (next.js: 33ms, proxy.ts: 48ms, application-code: 4.3s)
 GET /api/operator/handoffs/summary?window=7d 200 in 5.1s (next.js: 29ms, proxy.ts: 46ms, application-code: 5.0s)
 GET /api/operator/dashboard/summary?window=24h 200 in 6.1s (next.js: 126ms, proxy.ts: 40ms, application-code: 5.9s)
 GET /api/operator/models/active 200 in 1641ms (next.js: 116ms, proxy.ts: 132ms, application-code: 1393ms)
 GET /api/operator/schedule/slots?from=2026-04-22T21%3A46%3A03.660Z&to=2026-05-06T21%3A46%3A03.660Z&page_size=100 200 in 1878ms (next.js: 72ms, proxy.ts: 268ms, application-code: 1538ms)
 GET /api/operator/media?page_size=100 200 in 1745ms (next.js: 74ms, proxy.ts: 134ms, application-code: 1537ms)
 GET /api/operator/receipts?needs_review=true&page_size=10 200 in 1767ms (next.js: 89ms, proxy.ts: 131ms, application-code: 1547ms)
 GET /api/operator/status/agent?window=24h 200 in 2.5s (next.js: 140ms, proxy.ts: 126ms, application-code: 2.3s)
 GET /api/operator/conversations?page_size=100 200 in 1653ms (next.js: 45ms, proxy.ts: 76ms, application-code: 1532ms)
 GET /api/operator/dashboard/queues?page_size=10 200 in 1672ms (next.js: 36ms, proxy.ts: 78ms, application-code: 1557ms)
 GET /api/operator/conversations?handoff_status=OPENED&page_size=10 200 in 1626ms (next.js: 49ms, proxy.ts: 52ms, application-code: 1525ms)
 GET /api/operator/conversations?handoff_status=ACKNOWLEDGED&page_size=10 200 in 1596ms (next.js: 27ms, proxy.ts: 55ms, application-code: 1513ms)
 GET /api/operator/handoffs/summary?window=7d 200 in 2.3s (next.js: 37ms, proxy.ts: 14ms, application-code: 2.3s)
 GET /api/operator/dashboard/summary?window=24h 200 in 3.4s (next.js: 12ms, proxy.ts: 19ms, application-code: 3.4s)
 GET /api/operator/models/active 200 in 1441ms (next.js: 46ms, proxy.ts: 33ms, application-code: 1362ms)
 GET /api/operator/media?page_size=100 200 in 1564ms (next.js: 31ms, proxy.ts: 28ms, application-code: 1505ms)
 GET /api/operator/schedule/slots?from=2026-04-22T21%3A46%3A18.660Z&to=2026-05-06T21%3A46%3A18.660Z&page_size=100 200 in 1583ms (next.js: 26ms, proxy.ts: 32ms, application-code: 1525ms)
 GET /api/operator/receipts?needs_review=true&page_size=10 200 in 1596ms (next.js: 39ms, proxy.ts: 32ms, application-code: 1525ms)
 GET /api/operator/status/agent?window=24h 200 in 2.3s (next.js: 6ms, proxy.ts: 11ms, application-code: 2.3s)
 GET /api/operator/dashboard/queues?page_size=10 200 in 1704ms (next.js: 54ms, proxy.ts: 46ms, application-code: 1604ms)
 GET /api/operator/conversations?page_size=100 200 in 1917ms (next.js: 65ms, proxy.ts: 48ms, application-code: 1804ms)
 GET /api/operator/conversations?handoff_status=ACKNOWLEDGED&page_size=10 200 in 2.1s (next.js: 74ms, proxy.ts: 55ms, application-code: 2.0s)
 GET /api/operator/conversations?handoff_status=OPENED&page_size=10 200 in 2.3s (next.js: 70ms, proxy.ts: 50ms, application-code: 2.1s)
 GET /api/operator/handoffs/summary?window=7d 200 in 2.5s (next.js: 51ms, proxy.ts: 39ms, application-code: 2.4s)
 GET /api/operator/schedule/slots?from=2026-04-22T21%3A46%3A33.655Z&to=2026-05-06T21%3A46%3A33.655Z&page_size=100 200 in 1558ms (next.js: 9ms, proxy.ts: 12ms, application-code: 1538ms)
 GET /api/operator/media?page_size=100 200 in 1546ms (next.js: 10ms, proxy.ts: 17ms, application-code: 1520ms)
 GET /api/operator/models/active 200 in 1375ms (next.js: 9ms, proxy.ts: 9ms, application-code: 1357ms)
 GET /api/operator/receipts?needs_review=true&page_size=10 200 in 1543ms (next.js: 8ms, proxy.ts: 9ms, application-code: 1527ms)
 GET /api/operator/dashboard/summary?window=24h 200 in 4.1s (next.js: 44ms, proxy.ts: 37ms, application-code: 4.0s)
 GET /api/operator/status/agent?window=24h 200 in 2.3s (next.js: 7ms, proxy.ts: 15ms, application-code: 2.2s)
 GET /api/operator/conversations?page_size=100 200 in 1859ms (next.js: 100ms, proxy.ts: 82ms, application-code: 1677ms)
 GET /api/operator/conversations?handoff_status=OPENED&page_size=10 200 in 1868ms (next.js: 111ms, proxy.ts: 78ms, application-code: 1678ms)
 GET /api/operator/conversations?handoff_status=ACKNOWLEDGED&page_size=10 200 in 1884ms (next.js: 119ms, proxy.ts: 87ms, application-code: 1678ms)
 GET /api/operator/dashboard/queues?page_size=10 200 in 1909ms (next.js: 99ms, proxy.ts: 64ms, application-code: 1746ms)
 GET /api/operator/handoffs/summary?window=7d 200 in 2.6s (next.js: 91ms, proxy.ts: 60ms, application-code: 2.5s)
 GET /api/operator/models/active 200 in 1530ms (next.js: 70ms, proxy.ts: 63ms, application-code: 1396ms)
 GET /api/operator/schedule/slots?from=2026-04-22T21%3A46%3A48.659Z&to=2026-05-06T21%3A46%3A48.659Z&page_size=100 200 in 1662ms (next.js: 44ms, proxy.ts: 60ms, application-code: 1557ms)
 GET /api/operator/media?page_size=100 200 in 1680ms (next.js: 53ms, proxy.ts: 65ms, application-code: 1562ms)
 GET /api/operator/receipts?needs_review=true&page_size=10 200 in 1674ms (next.js: 58ms, proxy.ts: 58ms, application-code: 1557ms)
 GET /api/operator/dashboard/summary?window=24h 200 in 3.7s (next.js: 83ms, proxy.ts: 51ms, application-code: 3.5s)
 GET /api/operator/status/agent?window=24h 200 in 2.4s (next.js: 10ms, proxy.ts: 21ms, application-code: 2.3s)
 GET /api/operator/conversations?handoff_status=OPENED&page_size=10 200 in 1720ms (next.js: 51ms, proxy.ts: 35ms, application-code: 1635ms)
 GET /api/operator/conversations?page_size=100 200 in 1731ms (next.js: 46ms, proxy.ts: 34ms, application-code: 1652ms)
 GET /api/operator/conversations?handoff_status=ACKNOWLEDGED&page_size=10 200 in 1739ms (next.js: 58ms, proxy.ts: 36ms, application-code: 1646ms)
 GET /api/operator/dashboard/queues?page_size=10 200 in 1756ms (next.js: 38ms, proxy.ts: 33ms, application-code: 1685ms)
 GET /api/operator/handoffs/summary?window=7d 200 in 2.4s (next.js: 33ms, proxy.ts: 31ms, application-code: 2.4s)
 GET /api/operator/models/active 200 in 1435ms (next.js: 31ms, proxy.ts: 40ms, application-code: 1365ms)
 GET /api/operator/schedule/slots?from=2026-04-22T21%3A47%3A03.656Z&to=2026-05-06T21%3A47%3A03.656Z&page_size=100 200 in 1560ms (next.js: 17ms, proxy.ts: 38ms, application-code: 1504ms)
 GET /api/operator/receipts?needs_review=true&page_size=10 200 in 1577ms (next.js: 27ms, proxy.ts: 38ms, application-code: 1512ms)
 GET /api/operator/media?page_size=100 200 in 1584ms (next.js: 22ms, proxy.ts: 38ms, application-code: 1524ms)
 GET /api/operator/dashboard/summary?window=24h 200 in 3.5s (next.js: 28ms, proxy.ts: 28ms, application-code: 3.5s)
 GET /api/operator/status/agent?window=24h 200 in 2.3s (next.js: 8ms, proxy.ts: 9ms, application-code: 2.3s)
 GET /api/operator/conversations?handoff_status=ACKNOWLEDGED&page_size=10 200 in 1705ms (next.js: 84ms, proxy.ts: 54ms, application-code: 1567ms)
 GET /api/operator/conversations?page_size=100 200 in 1718ms (next.js: 72ms, proxy.ts: 46ms, application-code: 1600ms)
 GET /api/operator/conversations?handoff_status=OPENED&page_size=10 200 in 1730ms (next.js: 79ms, proxy.ts: 51ms, application-code: 1601ms)
 GET /api/operator/dashboard/queues?page_size=10 200 in 1763ms (next.js: 61ms, proxy.ts: 45ms, application-code: 1657ms)
 GET /api/operator/handoffs/summary?window=7d 200 in 2.5s (next.js: 53ms, proxy.ts: 41ms, application-code: 2.4s)
 GET /api/operator/models/active 200 in 1423ms (next.js: 7ms, proxy.ts: 50ms, application-code: 1366ms)
 GET /api/operator/schedule/slots?from=2026-04-22T21%3A47%3A18.669Z&to=2026-05-06T21%3A47%3A18.669Z&page_size=100 200 in 1592ms (next.js: 43ms, proxy.ts: 31ms, application-code: 1517ms)
 GET /api/operator/media?page_size=100 200 in 1585ms (next.js: 39ms, proxy.ts: 39ms, application-code: 1507ms)
 GET /api/operator/receipts?needs_review=true&page_size=10 200 in 1590ms (next.js: 40ms, proxy.ts: 42ms, application-code: 1508ms)
 GET /api/operator/dashboard/summary?window=24h 200 in 3.5s (next.js: 43ms, proxy.ts: 43ms, application-code: 3.4s)
 GET /api/operator/status/agent?window=24h 200 in 2.3s (next.js: 5ms, proxy.ts: 9ms, application-code: 2.3s)
 GET /api/operator/conversations?page_size=100 200 in 1645ms (next.js: 52ms, proxy.ts: 34ms, application-code: 1559ms)
 GET /api/operator/conversations?handoff_status=ACKNOWLEDGED&page_size=10 200 in 1688ms (next.js: 62ms, proxy.ts: 40ms, application-code: 1585ms)
 GET /api/operator/dashboard/queues?page_size=10 200 in 1701ms (next.js: 45ms, proxy.ts: 35ms, application-code: 1620ms)
 GET /api/operator/conversations?handoff_status=OPENED&page_size=10 200 in 1706ms (next.js: 57ms, proxy.ts: 37ms, application-code: 1612ms)
 GET /api/operator/handoffs/summary?window=7d 200 in 2.4s (next.js: 39ms, proxy.ts: 34ms, application-code: 2.4s)
 GET /api/operator/models/active 200 in 1395ms (next.js: 28ms, proxy.ts: 24ms, application-code: 1342ms)
 GET /api/operator/schedule/slots?from=2026-04-22T21%3A47%3A58.663Z&to=2026-05-06T21%3A47%3A58.663Z&page_size=100 200 in 1528ms (next.js: 9ms, proxy.ts: 7ms, application-code: 1513ms)
 GET /api/operator/media?page_size=100 200 in 1550ms (next.js: 15ms, proxy.ts: 22ms, application-code: 1513ms)
 GET /api/operator/receipts?needs_review=true&page_size=10 200 in 1555ms (next.js: 23ms, proxy.ts: 22ms, application-code: 1509ms)
 GET /api/operator/dashboard/summary?window=24h 200 in 3.5s (next.js: 35ms, proxy.ts: 31ms, application-code: 3.4s)
 GET /api/operator/status/agent?window=24h 200 in 2.3s (next.js: 6ms, proxy.ts: 9ms, application-code: 2.3s)
 GET /api/operator/conversations?page_size=100 200 in 1760ms (next.js: 54ms, proxy.ts: 52ms, application-code: 1654ms)
 GET /api/operator/conversations?handoff_status=ACKNOWLEDGED&page_size=10 200 in 1764ms (next.js: 85ms, proxy.ts: 54ms, application-code: 1625ms)
 GET /api/operator/conversations?handoff_status=OPENED&page_size=10 200 in 1773ms (next.js: 75ms, proxy.ts: 52ms, application-code: 1646ms)
 GET /api/operator/dashboard/queues?page_size=10 200 in 1788ms (next.js: 46ms, proxy.ts: 50ms, application-code: 1692ms)
 GET /api/operator/handoffs/summary?window=7d 200 in 2.5s (next.js: 79ms, proxy.ts: 45ms, application-code: 2.4s)
 GET /api/operator/models/active 200 in 1415ms (next.js: 36ms, proxy.ts: 24ms, application-code: 1354ms)
 GET /api/operator/media?page_size=100 200 in 1551ms (next.js: 27ms, proxy.ts: 23ms, application-code: 1500ms)
 GET /api/operator/schedule/slots?from=2026-04-22T21%3A48%3A58.669Z&to=2026-05-06T21%3A48%3A58.669Z&page_size=100 200 in 1572ms (next.js: 24ms, proxy.ts: 30ms, application-code: 1518ms)
 GET /api/operator/receipts?needs_review=true&page_size=10 200 in 1572ms (next.js: 33ms, proxy.ts: 25ms, application-code: 1514ms)
 GET /api/operator/dashboard/summary?window=24h 200 in 3.5s (next.js: 40ms, proxy.ts: 45ms, application-code: 3.5s)
 GET /api/operator/status/agent?window=24h 200 in 2.3s (next.js: 9ms, proxy.ts: 13ms, application-code: 2.3s)
[?25h
