
> @barra-vips/operator-web@0.1.0 dev
> next dev

▲ Next.js 16.2.4 (Turbopack)
- Local:         http://localhost:3000
- Network:       http://192.168.0.90:3000
- Environments: .env.local
✓ Ready in 1237ms

 GET / 307 in 1653ms (next.js: 501ms, proxy.ts: 533ms, application-code: 620ms)
 GET / 307 in 210ms (next.js: 13ms, proxy.ts: 45ms, application-code: 152ms)
 GET /dashboard 200 in 385ms (next.js: 96ms, proxy.ts: 14ms, application-code: 275ms)
 GET / 307 in 342ms (next.js: 18ms, proxy.ts: 29ms, application-code: 296ms)
 GET /dashboard 200 in 155ms (next.js: 16ms, proxy.ts: 15ms, application-code: 124ms)
 GET /api/operator/conversations?page_size=100 200 in 2.2s (next.js: 358ms, proxy.ts: 77ms, application-code: 1815ms)
 GET /api/operator/conversations?handoff_status=OPENED&page_size=10 200 in 2.3s (next.js: 345ms, proxy.ts: 99ms, application-code: 1811ms)
 GET /api/operator/conversations?handoff_status=ACKNOWLEDGED&page_size=10 200 in 2.3s (next.js: 313ms, proxy.ts: 101ms, application-code: 1842ms)
 GET /api/operator/dashboard/queues?page_size=10 200 in 2.3s (next.js: 298ms, proxy.ts: 72ms, application-code: 1908ms)
 GET /api/operator/handoffs/summary?window=7d 200 in 2.9s (next.js: 256ms, proxy.ts: 66ms, application-code: 2.6s)
 GET /api/operator/models/active 200 in 1610ms (next.js: 219ms, proxy.ts: 32ms, application-code: 1359ms)
 GET /api/operator/receipts?needs_review=true&page_size=10 200 in 1620ms (next.js: 77ms, proxy.ts: 32ms, application-code: 1511ms)
 GET /api/operator/dashboard/summary?window=24h 200 in 4.0s (next.js: 199ms, proxy.ts: 70ms, application-code: 3.8s)
 GET /api/operator/schedule/slots?from=2026-04-22T22%3A07%3A31.406Z&to=2026-05-06T22%3A07%3A31.406Z&page_size=100 200 in 1720ms (next.js: 168ms, proxy.ts: 26ms, application-code: 1526ms)
 GET /api/operator/media?page_size=100 200 in 1944ms (next.js: 292ms, proxy.ts: 29ms, application-code: 1624ms)
 GET /api/operator/status/agent?window=24h 200 in 2.3s (next.js: 57ms, proxy.ts: 13ms, application-code: 2.3s)
 GET /api/operator/conversations?handoff_status=ACKNOWLEDGED&page_size=10 200 in 1634ms (next.js: 75ms, proxy.ts: 47ms, application-code: 1512ms)
 GET /api/operator/conversations?page_size=100 200 in 1660ms (next.js: 58ms, proxy.ts: 44ms, application-code: 1557ms)
 GET /api/operator/conversations?handoff_status=OPENED&page_size=10 200 in 1671ms (next.js: 67ms, proxy.ts: 46ms, application-code: 1558ms)
 GET /api/operator/dashboard/queues?page_size=10 200 in 1718ms (next.js: 54ms, proxy.ts: 46ms, application-code: 1618ms)
 GET /api/operator/handoffs/summary?window=7d 200 in 2.4s (next.js: 46ms, proxy.ts: 50ms, application-code: 2.3s)
 GET /api/operator/models/active 200 in 1388ms (next.js: 15ms, proxy.ts: 20ms, application-code: 1353ms)
 GET /api/operator/schedule/slots?from=2026-04-22T22%3A07%3A46.421Z&to=2026-05-06T22%3A07%3A46.421Z&page_size=100 200 in 1540ms (next.js: 22ms, proxy.ts: 16ms, application-code: 1502ms)
 GET /api/operator/media?page_size=100 200 in 1565ms (next.js: 19ms, proxy.ts: 38ms, application-code: 1508ms)
 GET /api/operator/receipts?needs_review=true&page_size=10 200 in 1562ms (next.js: 18ms, proxy.ts: 24ms, application-code: 1519ms)
 GET /api/operator/dashboard/summary?window=24h 200 in 3.5s (next.js: 38ms, proxy.ts: 48ms, application-code: 3.4s)
 GET /api/operator/status/agent?window=24h 200 in 2.3s (next.js: 6ms, proxy.ts: 8ms, application-code: 2.3s)
 GET /api/operator/conversations?handoff_status=OPENED&page_size=10 200 in 1657ms (next.js: 90ms, proxy.ts: 49ms, application-code: 1517ms)
 GET /api/operator/dashboard/queues?page_size=10 200 in 1687ms (next.js: 60ms, proxy.ts: 49ms, application-code: 1578ms)
 GET /api/operator/conversations?page_size=100 200 in 1706ms (next.js: 83ms, proxy.ts: 47ms, application-code: 1576ms)
 GET /api/operator/conversations?handoff_status=ACKNOWLEDGED&page_size=10 200 in 1707ms (next.js: 95ms, proxy.ts: 51ms, application-code: 1560ms)
 GET /api/operator/handoffs/summary?window=7d 200 in 2.4s (next.js: 71ms, proxy.ts: 51ms, application-code: 2.3s)
 GET /api/operator/models/active 200 in 1428ms (next.js: 24ms, proxy.ts: 49ms, application-code: 1355ms)
 GET /api/operator/schedule/slots?from=2026-04-22T22%3A08%3A01.691Z&to=2026-05-06T22%3A08%3A01.691Z&page_size=100 200 in 1604ms (next.js: 33ms, proxy.ts: 49ms, application-code: 1522ms)
 GET /api/operator/media?page_size=100 200 in 1617ms (next.js: 39ms, proxy.ts: 62ms, application-code: 1516ms)
 GET /api/operator/receipts?needs_review=true&page_size=10 200 in 1579ms (next.js: 19ms, proxy.ts: 48ms, application-code: 1512ms)
 GET /api/operator/dashboard/summary?window=24h 200 in 3.4s (next.js: 47ms, proxy.ts: 48ms, application-code: 3.3s)
 GET /api/operator/status/agent?window=24h 200 in 2.3s (next.js: 6ms, proxy.ts: 18ms, application-code: 2.3s)
 GET /api/operator/conversations?page_size=100 200 in 1637ms (next.js: 54ms, proxy.ts: 33ms, application-code: 1550ms)
 GET /api/operator/conversations?handoff_status=ACKNOWLEDGED&page_size=10 200 in 1634ms (next.js: 62ms, proxy.ts: 37ms, application-code: 1535ms)
 GET /api/operator/dashboard/queues?page_size=10 200 in 1656ms (next.js: 44ms, proxy.ts: 37ms, application-code: 1575ms)
 GET /api/operator/conversations?handoff_status=OPENED&page_size=10 200 in 1650ms (next.js: 59ms, proxy.ts: 33ms, application-code: 1558ms)
 GET /api/operator/handoffs/summary?window=7d 200 in 2.4s (next.js: 37ms, proxy.ts: 37ms, application-code: 2.3s)
 GET /api/operator/models/active 200 in 1412ms (next.js: 36ms, proxy.ts: 21ms, application-code: 1356ms)
 GET /api/operator/media?page_size=100 200 in 1534ms (next.js: 23ms, proxy.ts: 20ms, application-code: 1491ms)
 GET /api/operator/schedule/slots?from=2026-04-22T22%3A08%3A16.693Z&to=2026-05-06T22%3A08%3A16.693Z&page_size=100 200 in 1544ms (next.js: 18ms, proxy.ts: 18ms, application-code: 1507ms)
 GET /api/operator/receipts?needs_review=true&page_size=10 200 in 1577ms (next.js: 28ms, proxy.ts: 21ms, application-code: 1528ms)
 GET /api/operator/dashboard/summary?window=24h 200 in 3.4s (next.js: 36ms, proxy.ts: 35ms, application-code: 3.3s)
 GET /api/operator/status/agent?window=24h 200 in 2.3s (next.js: 4ms, proxy.ts: 9ms, application-code: 2.3s)
 GET /api/operator/conversations?handoff_status=ACKNOWLEDGED&page_size=10 200 in 1677ms (next.js: 89ms, proxy.ts: 47ms, application-code: 1541ms)
 GET /api/operator/conversations?handoff_status=OPENED&page_size=10 200 in 1691ms (next.js: 79ms, proxy.ts: 48ms, application-code: 1564ms)
 GET /api/operator/conversations?page_size=100 200 in 1703ms (next.js: 72ms, proxy.ts: 45ms, application-code: 1587ms)
 GET /api/operator/dashboard/queues?page_size=10 200 in 1729ms (next.js: 55ms, proxy.ts: 46ms, application-code: 1628ms)
 GET /api/operator/handoffs/summary?window=7d 200 in 2.5s (next.js: 64ms, proxy.ts: 49ms, application-code: 2.3s)
 GET /api/operator/models/active 200 in 1570ms (next.js: 66ms, proxy.ts: 61ms, application-code: 1443ms)
 GET /api/operator/receipts?needs_review=true&page_size=10 200 in 1725ms (next.js: 64ms, proxy.ts: 53ms, application-code: 1608ms)
 GET /api/operator/dashboard/summary?window=24h 200 in 3.5s (next.js: 49ms, proxy.ts: 42ms, application-code: 3.4s)
 GET /api/operator/media?page_size=100 200 in 1765ms (next.js: 55ms, proxy.ts: 51ms, application-code: 1660ms)
 GET /api/operator/schedule/slots?from=2026-04-22T22%3A08%3A31.686Z&to=2026-05-06T22%3A08%3A31.686Z&page_size=100 200 in 1783ms (next.js: 59ms, proxy.ts: 31ms, application-code: 1694ms)
 GET /api/operator/status/agent?window=24h 200 in 2.3s (next.js: 20ms, proxy.ts: 43ms, application-code: 2.3s)
 GET /api/operator/dashboard/queues?page_size=10 200 in 1694ms (next.js: 74ms, proxy.ts: 55ms, application-code: 1565ms)
 GET /api/operator/conversations?handoff_status=ACKNOWLEDGED&page_size=10 200 in 1681ms (next.js: 101ms, proxy.ts: 60ms, application-code: 1519ms)
 GET /api/operator/conversations?page_size=100 200 in 1705ms (next.js: 83ms, proxy.ts: 56ms, application-code: 1566ms)
 GET /api/operator/conversations?handoff_status=OPENED&page_size=10 200 in 1700ms (next.js: 95ms, proxy.ts: 54ms, application-code: 1550ms)
 GET /api/operator/handoffs/summary?window=7d 200 in 2.4s (next.js: 62ms, proxy.ts: 53ms, application-code: 2.3s)
 GET /api/operator/models/active 200 in 1422ms (next.js: 35ms, proxy.ts: 23ms, application-code: 1364ms)
 GET /api/operator/receipts?needs_review=true&page_size=10 200 in 1570ms (next.js: 29ms, proxy.ts: 21ms, application-code: 1520ms)
 GET /api/operator/schedule/slots?from=2026-04-22T22%3A08%3A46.420Z&to=2026-05-06T22%3A08%3A46.420Z&page_size=100 200 in 1600ms (next.js: 22ms, proxy.ts: 31ms, application-code: 1547ms)
 GET /api/operator/media?page_size=100 200 in 1587ms (next.js: 25ms, proxy.ts: 22ms, application-code: 1540ms)
 GET /api/operator/dashboard/summary?window=24h 200 in 3.5s (next.js: 53ms, proxy.ts: 50ms, application-code: 3.4s)
 GET /api/operator/status/agent?window=24h 200 in 2.3s (next.js: 6ms, proxy.ts: 12ms, application-code: 2.2s)
 GET /api/operator/conversations?page_size=100 200 in 1635ms (next.js: 57ms, proxy.ts: 37ms, application-code: 1541ms)
 GET /api/operator/conversations?handoff_status=OPENED&page_size=10 200 in 1629ms (next.js: 59ms, proxy.ts: 39ms, application-code: 1531ms)
 GET /api/operator/conversations?handoff_status=ACKNOWLEDGED&page_size=10 200 in 1635ms (next.js: 68ms, proxy.ts: 41ms, application-code: 1525ms)
 GET /api/operator/dashboard/queues?page_size=10 200 in 1656ms (next.js: 50ms, proxy.ts: 36ms, application-code: 1571ms)
 GET /api/operator/handoffs/summary?window=7d 200 in 2.4s (next.js: 43ms, proxy.ts: 36ms, application-code: 2.3s)
 GET /api/operator/models/active 200 in 1503ms (next.js: 105ms, proxy.ts: 39ms, application-code: 1359ms)
 GET /api/operator/schedule/slots?from=2026-04-22T22%3A09%3A01.423Z&to=2026-05-06T22%3A09%3A01.423Z&page_size=100 200 in 1626ms (next.js: 74ms, proxy.ts: 36ms, application-code: 1516ms)
 GET /api/operator/media?page_size=100 200 in 1637ms (next.js: 92ms, proxy.ts: 35ms, application-code: 1510ms)
 GET /api/operator/dashboard/summary?window=24h 200 in 3.4s (next.js: 38ms, proxy.ts: 34ms, application-code: 3.3s)
 GET /api/operator/receipts?needs_review=true&page_size=10 200 in 1669ms (next.js: 95ms, proxy.ts: 40ms, application-code: 1534ms)
 GET /api/operator/status/agent?window=24h 200 in 2.3s (next.js: 7ms, proxy.ts: 15ms, application-code: 2.2s)
 GET /api/operator/conversations?page_size=100 200 in 1603ms (next.js: 56ms, proxy.ts: 36ms, application-code: 1511ms)
 GET /api/operator/dashboard/queues?page_size=10 200 in 1630ms (next.js: 40ms, proxy.ts: 36ms, application-code: 1554ms)
 GET /api/operator/conversations?handoff_status=OPENED&page_size=10 200 in 1720ms (next.js: 62ms, proxy.ts: 34ms, application-code: 1624ms)
 GET /api/operator/conversations?handoff_status=ACKNOWLEDGED&page_size=10 200 in 1719ms (next.js: 65ms, proxy.ts: 35ms, application-code: 1620ms)
 GET /api/operator/handoffs/summary?window=7d 200 in 2.3s (next.js: 47ms, proxy.ts: 35ms, application-code: 2.3s)
 GET /api/operator/models/active 200 in 1406ms (next.js: 31ms, proxy.ts: 23ms, application-code: 1352ms)
 GET /api/operator/media?page_size=100 200 in 1533ms (next.js: 17ms, proxy.ts: 32ms, application-code: 1484ms)
 GET /api/operator/schedule/slots?from=2026-04-22T22%3A09%3A16.688Z&to=2026-05-06T22%3A09%3A16.688Z&page_size=100 200 in 1689ms (next.js: 128ms, proxy.ts: 10ms, application-code: 1551ms)
 GET /api/operator/receipts?needs_review=true&page_size=10 200 in 1563ms (next.js: 26ms, proxy.ts: 22ms, application-code: 1515ms)
 GET /api/operator/dashboard/summary?window=24h 200 in 3.4s (next.js: 34ms, proxy.ts: 37ms, application-code: 3.3s)
 GET /api/operator/status/agent?window=24h 200 in 2.2s (next.js: 5ms, proxy.ts: 10ms, application-code: 2.2s)
 GET /api/operator/conversations?page_size=100 200 in 1810ms (next.js: 117ms, proxy.ts: 59ms, application-code: 1634ms)
 GET /api/operator/conversations?handoff_status=OPENED&page_size=10 200 in 1834ms (next.js: 119ms, proxy.ts: 69ms, application-code: 1647ms)
 GET /api/operator/conversations?handoff_status=ACKNOWLEDGED&page_size=10 200 in 1863ms (next.js: 151ms, proxy.ts: 70ms, application-code: 1643ms)
 GET /api/operator/dashboard/queues?page_size=10 200 in 1908ms (next.js: 103ms, proxy.ts: 59ms, application-code: 1747ms)
 GET /api/operator/handoffs/summary?window=7d 200 in 2.6s (next.js: 84ms, proxy.ts: 59ms, application-code: 2.4s)
 GET /api/operator/dashboard/summary?window=24h 200 in 3.5s (next.js: 67ms, proxy.ts: 55ms, application-code: 3.4s)
 GET /api/operator/models/active 200 in 1673ms (next.js: 142ms, proxy.ts: 80ms, application-code: 1451ms)
 GET /api/operator/schedule/slots?from=2026-04-22T22%3A09%3A31.420Z&to=2026-05-06T22%3A09%3A31.420Z&page_size=100 200 in 1791ms (next.js: 86ms, proxy.ts: 63ms, application-code: 1642ms)
 GET /api/operator/media?page_size=100 200 in 1819ms (next.js: 130ms, proxy.ts: 67ms, application-code: 1622ms)
 GET /api/operator/receipts?needs_review=true&page_size=10 200 in 1847ms (next.js: 135ms, proxy.ts: 78ms, application-code: 1634ms)
 GET /api/operator/status/agent?window=24h 200 in 2.5s (next.js: 16ms, proxy.ts: 52ms, application-code: 2.5s)
 GET /api/operator/conversations?handoff_status=OPENED&page_size=10 200 in 1783ms (next.js: 96ms, proxy.ts: 68ms, application-code: 1619ms)
 GET /api/operator/conversations?handoff_status=ACKNOWLEDGED&page_size=10 200 in 1787ms (next.js: 105ms, proxy.ts: 69ms, application-code: 1613ms)
 GET /api/operator/conversations?page_size=100 200 in 1803ms (next.js: 90ms, proxy.ts: 62ms, application-code: 1652ms)
 GET /api/operator/dashboard/queues?page_size=10 200 in 1820ms (next.js: 81ms, proxy.ts: 64ms, application-code: 1675ms)
 GET /api/operator/handoffs/summary?window=7d 200 in 2.4s (next.js: 66ms, proxy.ts: 61ms, application-code: 2.3s)
 GET /api/operator/models/active 200 in 1438ms (next.js: 39ms, proxy.ts: 62ms, application-code: 1338ms)
 GET /api/operator/schedule/slots?from=2026-04-22T22%3A09%3A46.429Z&to=2026-05-06T22%3A09%3A46.429Z&page_size=100 200 in 1608ms (next.js: 55ms, proxy.ts: 34ms, application-code: 1520ms)
 GET /api/operator/receipts?needs_review=true&page_size=10 200 in 1602ms (next.js: 39ms, proxy.ts: 60ms, application-code: 1504ms)
 GET /api/operator/dashboard/summary?window=24h 200 in 3.5s (next.js: 56ms, proxy.ts: 57ms, application-code: 3.4s)
 GET /api/operator/media?page_size=100 200 in 1620ms (next.js: 35ms, proxy.ts: 60ms, application-code: 1525ms)
 GET /api/operator/status/agent?window=24h 200 in 2.2s (next.js: 7ms, proxy.ts: 8ms, application-code: 2.2s)
 GET /api/operator/conversations?handoff_status=OPENED&page_size=10 200 in 1692ms (next.js: 102ms, proxy.ts: 60ms, application-code: 1529ms)
 GET /api/operator/dashboard/queues?page_size=10 200 in 1744ms (next.js: 68ms, proxy.ts: 58ms, application-code: 1618ms)
 GET /api/operator/conversations?handoff_status=ACKNOWLEDGED&page_size=10 200 in 1734ms (next.js: 108ms, proxy.ts: 63ms, application-code: 1564ms)
 GET /api/operator/conversations?page_size=100 200 in 1755ms (next.js: 96ms, proxy.ts: 56ms, application-code: 1604ms)
 GET /api/operator/handoffs/summary?window=7d 200 in 2.4s (next.js: 82ms, proxy.ts: 60ms, application-code: 2.3s)
 GET /api/operator/models/active 200 in 1466ms (next.js: 52ms, proxy.ts: 60ms, application-code: 1354ms)
 GET /api/operator/schedule/slots?from=2026-04-22T22%3A10%3A01.420Z&to=2026-05-06T22%3A10%3A01.420Z&page_size=100 200 in 1598ms (next.js: 52ms, proxy.ts: 43ms, application-code: 1503ms)
 GET /api/operator/media?page_size=100 200 in 1613ms (next.js: 58ms, proxy.ts: 41ms, application-code: 1514ms)
 GET /api/operator/receipts?needs_review=true&page_size=10 200 in 1629ms (next.js: 52ms, proxy.ts: 49ms, application-code: 1529ms)
 GET /api/operator/dashboard/summary?window=24h 200 in 3.5s (next.js: 60ms, proxy.ts: 50ms, application-code: 3.4s)
 GET /api/operator/status/agent?window=24h 200 in 2.3s (next.js: 10ms, proxy.ts: 6ms, application-code: 2.2s)
 GET /api/operator/dashboard/queues?page_size=10 200 in 1734ms (next.js: 75ms, proxy.ts: 72ms, application-code: 1587ms)
 GET /api/operator/conversations?handoff_status=ACKNOWLEDGED&page_size=10 200 in 1725ms (next.js: 110ms, proxy.ts: 65ms, application-code: 1550ms)
 GET /api/operator/conversations?handoff_status=OPENED&page_size=10 200 in 1734ms (next.js: 97ms, proxy.ts: 66ms, application-code: 1571ms)
 GET /api/operator/conversations?page_size=100 200 in 1751ms (next.js: 85ms, proxy.ts: 64ms, application-code: 1602ms)
 GET /api/operator/handoffs/summary?window=7d 200 in 2.5s (next.js: 69ms, proxy.ts: 69ms, application-code: 2.3s)
 GET /api/operator/models/active 200 in 1447ms (next.js: 48ms, proxy.ts: 40ms, application-code: 1359ms)
 GET /api/operator/media?page_size=100 200 in 1581ms (next.js: 32ms, proxy.ts: 34ms, application-code: 1515ms)
 GET /api/operator/schedule/slots?from=2026-04-22T22%3A10%3A16.418Z&to=2026-05-06T22%3A10%3A16.418Z&page_size=100 200 in 1590ms (next.js: 24ms, proxy.ts: 33ms, application-code: 1532ms)
 GET /api/operator/receipts?needs_review=true&page_size=10 200 in 1598ms (next.js: 42ms, proxy.ts: 34ms, application-code: 1523ms)
 GET /api/operator/dashboard/summary?window=24h 200 in 3.5s (next.js: 53ms, proxy.ts: 66ms, application-code: 3.4s)
 GET /api/operator/status/agent?window=24h 200 in 2.3s (next.js: 12ms, proxy.ts: 9ms, application-code: 2.3s)
 GET /api/operator/conversations?handoff_status=ACKNOWLEDGED&page_size=10 200 in 2.5s (next.js: 177ms, proxy.ts: 59ms, application-code: 2.3s)
 GET /api/operator/conversations?handoff_status=OPENED&page_size=10 200 in 2.5s (next.js: 161ms, proxy.ts: 55ms, application-code: 2.3s)
 GET /api/operator/conversations?page_size=100 200 in 2.6s (next.js: 137ms, proxy.ts: 53ms, application-code: 2.4s)
 GET /api/operator/dashboard/queues?page_size=10 200 in 2.8s (next.js: 108ms, proxy.ts: 55ms, application-code: 2.7s)
 GET /api/operator/handoffs/summary?window=7d 200 in 3.9s (next.js: 81ms, proxy.ts: 58ms, application-code: 3.8s)
 GET /api/operator/models/active 200 in 1994ms (next.js: 6ms, proxy.ts: 17ms, application-code: 1971ms)
 GET /api/operator/media?page_size=100 200 in 2.6s (next.js: 93ms, proxy.ts: 38ms, application-code: 2.5s)
 GET /api/operator/schedule/slots?from=2026-04-22T22%3A10%3A31.423Z&to=2026-05-06T22%3A10%3A31.423Z&page_size=100 200 in 2.6s (next.js: 82ms, proxy.ts: 35ms, application-code: 2.5s)
 GET /api/operator/dashboard/summary?window=24h 200 in 5.2s (next.js: 55ms, proxy.ts: 56ms, application-code: 5.1s)
 GET /api/operator/receipts?needs_review=true&page_size=10 200 in 2.6s (next.js: 144ms, proxy.ts: 42ms, application-code: 2.4s)
 GET /api/operator/status/agent?window=24h 200 in 3.0s (next.js: 5ms, proxy.ts: 12ms, application-code: 3.0s)
 GET /modelos 200 in 563ms (next.js: 366ms, proxy.ts: 20ms, application-code: 177ms)
 GET /api/operator/models/active 200 in 1445ms (next.js: 21ms, proxy.ts: 24ms, application-code: 1400ms)
 GET /api/operator/models/active 200 in 1443ms (next.js: 32ms, proxy.ts: 23ms, application-code: 1388ms)
 GET /dashboard 200 in 156ms (next.js: 15ms, proxy.ts: 14ms, application-code: 127ms)
 GET /api/operator/conversations?handoff_status=ACKNOWLEDGED&page_size=10 200 in 1713ms (next.js: 95ms, proxy.ts: 74ms, application-code: 1545ms)
 GET /api/operator/conversations?page_size=100 200 in 1727ms (next.js: 80ms, proxy.ts: 68ms, application-code: 1579ms)
 GET /api/operator/conversations?handoff_status=OPENED&page_size=10 200 in 1732ms (next.js: 90ms, proxy.ts: 70ms, application-code: 1572ms)
 GET /api/operator/dashboard/queues?page_size=10 200 in 1749ms (next.js: 74ms, proxy.ts: 65ms, application-code: 1610ms)
 GET /api/operator/handoffs/summary?window=7d 200 in 2.4s (next.js: 73ms, proxy.ts: 63ms, application-code: 2.3s)
 GET /api/operator/models/active 200 in 1436ms (next.js: 47ms, proxy.ts: 30ms, application-code: 1359ms)
 GET /api/operator/schedule/slots?from=2026-04-22T22%3A10%3A42.212Z&to=2026-05-06T22%3A10%3A42.212Z&page_size=100 200 in 1572ms (next.js: 30ms, proxy.ts: 39ms, application-code: 1503ms)
 GET /api/operator/receipts?needs_review=true&page_size=10 200 in 1599ms (next.js: 36ms, proxy.ts: 29ms, application-code: 1534ms)
 GET /api/operator/media?page_size=100 200 in 1611ms (next.js: 31ms, proxy.ts: 30ms, application-code: 1550ms)
 GET /api/operator/dashboard/summary?window=24h 200 in 3.4s (next.js: 65ms, proxy.ts: 60ms, application-code: 3.3s)
 GET /api/operator/status/agent?window=24h 200 in 2.3s (next.js: 6ms, proxy.ts: 11ms, application-code: 2.3s)
 GET /api/operator/conversations?page_size=100 200 in 1541ms (next.js: 23ms, proxy.ts: 24ms, application-code: 1493ms)
 GET /api/operator/dashboard/queues?page_size=10 200 in 1561ms (next.js: 17ms, proxy.ts: 23ms, application-code: 1521ms)
 GET /api/operator/conversations?handoff_status=OPENED&page_size=10 200 in 1566ms (next.js: 6ms, proxy.ts: 32ms, application-code: 1528ms)
 GET /api/operator/handoffs/summary?window=7d 200 in 2.3s (next.js: 10ms, proxy.ts: 16ms, application-code: 2.3s)
 GET /api/operator/conversations?handoff_status=ACKNOWLEDGED&page_size=10 200 in 1542ms (next.js: 7ms, proxy.ts: 10ms, application-code: 1525ms)
 GET /api/operator/schedule/slots?from=2026-04-22T22%3A10%3A42.218Z&to=2026-05-06T22%3A10%3A42.218Z&page_size=100 200 in 1587ms (next.js: 24ms, proxy.ts: 38ms, application-code: 1525ms)
 GET /api/operator/media?page_size=100 200 in 1555ms (next.js: 12ms, proxy.ts: 34ms, application-code: 1509ms)
 GET /api/operator/receipts?needs_review=true&page_size=10 200 in 1547ms (next.js: 13ms, proxy.ts: 27ms, application-code: 1507ms)
 GET /api/operator/dashboard/summary?window=24h 200 in 3.3s (next.js: 10ms, proxy.ts: 12ms, application-code: 3.3s)
 GET /api/operator/models/active 200 in 1395ms (next.js: 7ms, proxy.ts: 13ms, application-code: 1375ms)
 GET /api/operator/status/agent?window=24h 200 in 2.3s (next.js: 7ms, proxy.ts: 7ms, application-code: 2.3s)
 GET /api/operator/conversations?page_size=100 200 in 1773ms (next.js: 130ms, proxy.ts: 48ms, application-code: 1595ms)
 GET /api/operator/dashboard/queues?page_size=10 200 in 1786ms (next.js: 115ms, proxy.ts: 48ms, application-code: 1623ms)
 GET /api/operator/conversations?handoff_status=OPENED&page_size=10 200 in 1782ms (next.js: 140ms, proxy.ts: 51ms, application-code: 1591ms)
 GET /api/operator/conversations?handoff_status=ACKNOWLEDGED&page_size=10 200 in 1783ms (next.js: 148ms, proxy.ts: 54ms, application-code: 1581ms)
 GET /api/operator/handoffs/summary?window=7d 200 in 2.7s (next.js: 75ms, proxy.ts: 52ms, application-code: 2.6s)
 GET /api/operator/models/active 200 in 1684ms (next.js: 43ms, proxy.ts: 47ms, application-code: 1594ms)
 GET /api/operator/media?page_size=100 200 in 1885ms (next.js: 33ms, proxy.ts: 38ms, application-code: 1814ms)
 GET /api/operator/receipts?needs_review=true&page_size=10 200 in 2.1s (next.js: 37ms, proxy.ts: 43ms, application-code: 1980ms)
 GET /api/operator/dashboard/summary?window=24h 200 in 3.9s (next.js: 49ms, proxy.ts: 49ms, application-code: 3.8s)
 GET /api/operator/schedule/slots?from=2026-04-22T22%3A10%3A57.225Z&to=2026-05-06T22%3A10%3A57.225Z&page_size=100 200 in 2.3s (next.js: 30ms, proxy.ts: 34ms, application-code: 2.2s)
 GET /api/operator/status/agent?window=24h 200 in 3.0s (next.js: 5ms, proxy.ts: 248ms, application-code: 2.7s)
 GET /api/operator/conversations?page_size=100 200 in 3.2s (next.js: 173ms, proxy.ts: 33ms, application-code: 3.0s)
 GET /api/operator/conversations?handoff_status=OPENED&page_size=10 200 in 3.4s (next.js: 34ms, proxy.ts: 179ms, application-code: 3.2s)
 GET /api/operator/dashboard/queues?page_size=10 200 in 3.6s (next.js: 504ms, proxy.ts: 40ms, application-code: 3.1s)
 GET /api/operator/conversations?handoff_status=ACKNOWLEDGED&page_size=10 200 in 3.8s (next.js: 38ms, proxy.ts: 180ms, application-code: 3.6s)
 GET /api/operator/handoffs/summary?window=7d 200 in 3.9s (next.js: 175ms, proxy.ts: 41ms, application-code: 3.6s)
 GET /api/operator/dashboard/summary?window=24h 200 in 4.7s (next.js: 12ms, proxy.ts: 14ms, application-code: 4.7s)
 GET /api/operator/schedule/slots?from=2026-04-22T22%3A11%3A12.700Z&to=2026-05-06T22%3A11%3A12.700Z&page_size=100 200 in 1862ms (next.js: 55ms, proxy.ts: 65ms, application-code: 1742ms)
 GET /api/operator/media?page_size=100 200 in 2.0s (next.js: 84ms, proxy.ts: 66ms, application-code: 1886ms)
 GET /api/operator/models/active 200 in 2.0s (next.js: 415ms, proxy.ts: 59ms, application-code: 1556ms)
 GET /api/operator/receipts?needs_review=true&page_size=10 200 in 2.2s (next.js: 370ms, proxy.ts: 56ms, application-code: 1815ms)
 GET /api/operator/status/agent?window=24h 200 in 2.8s (next.js: 428ms, proxy.ts: 63ms, application-code: 2.3s)
 GET /api/operator/conversations?page_size=100 200 in 3.0s (next.js: 58ms, proxy.ts: 783ms, application-code: 2.1s)
 GET /api/operator/dashboard/queues?page_size=10 200 in 3.2s (next.js: 686ms, proxy.ts: 142ms, application-code: 2.3s)
 GET /api/operator/handoffs/summary?window=7d 200 in 3.4s (next.js: 696ms, proxy.ts: 141ms, application-code: 2.6s)
 GET /api/operator/conversations?handoff_status=ACKNOWLEDGED&page_size=10 200 in 3.5s (next.js: 53ms, proxy.ts: 792ms, application-code: 2.7s)
 GET /api/operator/conversations?handoff_status=OPENED&page_size=10 200 in 3.7s (next.js: 83ms, proxy.ts: 788ms, application-code: 2.9s)
 GET /api/operator/dashboard/summary?window=24h 200 in 4.8s (next.js: 851ms, proxy.ts: 45ms, application-code: 3.9s)
 GET /api/operator/schedule/slots?from=2026-04-22T22%3A11%3A27.691Z&to=2026-05-06T22%3A11%3A27.691Z&page_size=100 200 in 1909ms (next.js: 17ms, proxy.ts: 35ms, application-code: 1858ms)
 GET /api/operator/media?page_size=100 200 in 2.2s (next.js: 23ms, proxy.ts: 23ms, application-code: 2.2s)
 GET /api/operator/models/active 200 in 1943ms (next.js: 30ms, proxy.ts: 196ms, application-code: 1717ms)
 GET /api/operator/receipts?needs_review=true&page_size=10 200 in 2.1s (next.js: 24ms, proxy.ts: 192ms, application-code: 1852ms)
 GET /api/operator/status/agent?window=24h 200 in 2.6s (next.js: 35ms, proxy.ts: 199ms, application-code: 2.4s)
 GET /api/operator/dashboard/queues?page_size=10 200 in 1752ms (next.js: 77ms, proxy.ts: 38ms, application-code: 1637ms)
 GET /api/operator/conversations?page_size=100 200 in 1749ms (next.js: 133ms, proxy.ts: 30ms, application-code: 1586ms)
 GET /api/operator/conversations?handoff_status=OPENED&page_size=10 200 in 1686ms (next.js: 48ms, proxy.ts: 70ms, application-code: 1567ms)
 GET /api/operator/conversations?handoff_status=ACKNOWLEDGED&page_size=10 200 in 1651ms (next.js: 39ms, proxy.ts: 55ms, application-code: 1557ms)
 GET /api/operator/handoffs/summary?window=7d 200 in 2.4s (next.js: 46ms, proxy.ts: 38ms, application-code: 2.3s)
 GET /api/operator/schedule/slots?from=2026-04-22T22%3A11%3A42.701Z&to=2026-05-06T22%3A11%3A42.701Z&page_size=100 200 in 1593ms (next.js: 21ms, proxy.ts: 31ms, application-code: 1540ms)
 GET /api/operator/media?page_size=100 200 in 1621ms (next.js: 28ms, proxy.ts: 34ms, application-code: 1558ms)
 GET /api/operator/models/active 200 in 1521ms (next.js: 27ms, proxy.ts: 60ms, application-code: 1434ms)
 GET /api/operator/dashboard/summary?window=24h 200 in 3.5s (next.js: 31ms, proxy.ts: 42ms, application-code: 3.4s)
 GET /api/operator/receipts?needs_review=true&page_size=10 200 in 1610ms (next.js: 44ms, proxy.ts: 29ms, application-code: 1536ms)
 GET /api/operator/status/agent?window=24h 200 in 2.3s (next.js: 10ms, proxy.ts: 14ms, application-code: 2.3s)
 GET /api/operator/conversations?handoff_status=ACKNOWLEDGED&page_size=10 200 in 1778ms (next.js: 110ms, proxy.ts: 75ms, application-code: 1594ms)
 GET /api/operator/conversations?handoff_status=OPENED&page_size=10 200 in 1811ms (next.js: 111ms, proxy.ts: 65ms, application-code: 1635ms)
 GET /api/operator/dashboard/queues?page_size=10 200 in 1863ms (next.js: 79ms, proxy.ts: 79ms, application-code: 1706ms)
 GET /api/operator/conversations?page_size=100 200 in 1895ms (next.js: 105ms, proxy.ts: 83ms, application-code: 1706ms)
 GET /api/operator/handoffs/summary?window=7d 200 in 2.5s (next.js: 70ms, proxy.ts: 77ms, application-code: 2.3s)
 GET /api/operator/models/active 200 in 1467ms (next.js: 49ms, proxy.ts: 45ms, application-code: 1374ms)
 GET /api/operator/receipts?needs_review=true&page_size=10 200 in 1598ms (next.js: 46ms, proxy.ts: 43ms, application-code: 1510ms)
 GET /api/operator/media?page_size=100 200 in 1611ms (next.js: 36ms, proxy.ts: 47ms, application-code: 1528ms)
 GET /api/operator/schedule/slots?from=2026-04-22T22%3A11%3A57.726Z&to=2026-05-06T22%3A11%3A57.726Z&page_size=100 200 in 1621ms (next.js: 27ms, proxy.ts: 46ms, application-code: 1547ms)
 GET /api/operator/dashboard/summary?window=24h 200 in 3.6s (next.js: 57ms, proxy.ts: 82ms, application-code: 3.4s)
 GET /api/operator/status/agent?window=24h 200 in 2.3s (next.js: 8ms, proxy.ts: 16ms, application-code: 2.2s)
 GET /api/operator/conversations?handoff_status=OPENED&page_size=10 200 in 1635ms (next.js: 52ms, proxy.ts: 43ms, application-code: 1540ms)
 GET /api/operator/conversations?handoff_status=ACKNOWLEDGED&page_size=10 200 in 1638ms (next.js: 62ms, proxy.ts: 39ms, application-code: 1537ms)
 GET /api/operator/conversations?page_size=100 200 in 1657ms (next.js: 46ms, proxy.ts: 42ms, application-code: 1570ms)
 GET /api/operator/dashboard/queues?page_size=10 200 in 1766ms (next.js: 102ms, proxy.ts: 45ms, application-code: 1619ms)
 GET /api/operator/handoffs/summary?window=7d 200 in 2.4s (next.js: 39ms, proxy.ts: 48ms, application-code: 2.3s)
 GET /api/operator/models/active 200 in 1502ms (next.js: 40ms, proxy.ts: 30ms, application-code: 1432ms)
 GET /api/operator/schedule/slots?from=2026-04-22T22%3A12%3A12.693Z&to=2026-05-06T22%3A12%3A12.693Z&page_size=100 200 in 1699ms (next.js: 26ms, proxy.ts: 32ms, application-code: 1642ms)
 GET /api/operator/media?page_size=100 200 in 1697ms (next.js: 31ms, proxy.ts: 29ms, application-code: 1637ms)
 GET /api/operator/receipts?needs_review=true&page_size=10 200 in 1701ms (next.js: 39ms, proxy.ts: 28ms, application-code: 1635ms)
 GET /api/operator/dashboard/summary?window=24h 200 in 3.6s (next.js: 39ms, proxy.ts: 42ms, application-code: 3.5s)
 GET /api/operator/status/agent?window=24h 200 in 2.4s (next.js: 5ms, proxy.ts: 9ms, application-code: 2.3s)
 GET /api/operator/conversations?page_size=100 200 in 1795ms (next.js: 88ms, proxy.ts: 53ms, application-code: 1654ms)
 GET /api/operator/conversations?handoff_status=ACKNOWLEDGED&page_size=10 200 in 1808ms (next.js: 72ms, proxy.ts: 46ms, application-code: 1690ms)
 GET /api/operator/conversations?handoff_status=OPENED&page_size=10 200 in 1815ms (next.js: 63ms, proxy.ts: 43ms, application-code: 1709ms)
 GET /api/operator/dashboard/queues?page_size=10 200 in 1856ms (next.js: 79ms, proxy.ts: 52ms, application-code: 1726ms)
 GET /api/operator/handoffs/summary?window=7d 200 in 2.5s (next.js: 52ms, proxy.ts: 39ms, application-code: 2.4s)
 GET /api/operator/models/active 200 in 1434ms (next.js: 7ms, proxy.ts: 49ms, application-code: 1378ms)
 GET /api/operator/schedule/slots?from=2026-04-22T22%3A12%3A34.792Z&to=2026-05-06T22%3A12%3A34.792Z&page_size=100 200 in 1558ms (next.js: 30ms, proxy.ts: 25ms, application-code: 1503ms)
 GET /api/operator/media?page_size=100 200 in 1575ms (next.js: 29ms, proxy.ts: 35ms, application-code: 1511ms)
 GET /api/operator/receipts?needs_review=true&page_size=10 200 in 1585ms (next.js: 35ms, proxy.ts: 36ms, application-code: 1513ms)
 GET /api/operator/dashboard/summary?window=24h 200 in 3.5s (next.js: 42ms, proxy.ts: 45ms, application-code: 3.4s)
 GET /api/operator/status/agent?window=24h 200 in 2.3s (next.js: 6ms, proxy.ts: 16ms, application-code: 2.3s)
 GET /api/operator/conversations?page_size=100 200 in 1780ms (next.js: 78ms, proxy.ts: 146ms, application-code: 1556ms)
 GET /api/operator/conversations?handoff_status=OPENED&page_size=10 200 in 1788ms (next.js: 81ms, proxy.ts: 149ms, application-code: 1559ms)
 GET /api/operator/conversations?handoff_status=ACKNOWLEDGED&page_size=10 200 in 1794ms (next.js: 82ms, proxy.ts: 150ms, application-code: 1562ms)
 GET /api/operator/dashboard/queues?page_size=10 200 in 1847ms (next.js: 73ms, proxy.ts: 145ms, application-code: 1629ms)
 GET /api/operator/handoffs/summary?window=7d 200 in 2.5s (next.js: 68ms, proxy.ts: 144ms, application-code: 2.3s)
 GET /api/operator/models/active 200 in 1381ms (next.js: 11ms, proxy.ts: 21ms, application-code: 1349ms)
 GET /api/operator/schedule/slots?from=2026-04-22T22%3A12%3A42.223Z&to=2026-05-06T22%3A12%3A42.223Z&page_size=100 200 in 1580ms (next.js: 25ms, proxy.ts: 18ms, application-code: 1538ms)
 GET /api/operator/receipts?needs_review=true&page_size=10 200 in 1568ms (next.js: 10ms, proxy.ts: 47ms, application-code: 1511ms)
 GET /api/operator/media?page_size=100 200 in 1601ms (next.js: 34ms, proxy.ts: 23ms, application-code: 1544ms)
 GET /api/operator/dashboard/summary?window=24h 200 in 3.6s (next.js: 59ms, proxy.ts: 141ms, application-code: 3.4s)
 GET /api/operator/status/agent?window=24h 200 in 2.3s (next.js: 8ms, proxy.ts: 14ms, application-code: 2.3s)
 GET /api/operator/conversations?page_size=100 200 in 1743ms (next.js: 78ms, proxy.ts: 52ms, application-code: 1613ms)
 GET /api/operator/dashboard/queues?page_size=10 200 in 1762ms (next.js: 70ms, proxy.ts: 51ms, application-code: 1641ms)
 GET /api/operator/conversations?handoff_status=OPENED&page_size=10 200 in 1751ms (next.js: 88ms, proxy.ts: 51ms, application-code: 1612ms)
 GET /api/operator/conversations?handoff_status=ACKNOWLEDGED&page_size=10 200 in 1754ms (next.js: 98ms, proxy.ts: 58ms, application-code: 1598ms)
 GET /api/operator/handoffs/summary?window=7d 200 in 2.4s (next.js: 61ms, proxy.ts: 50ms, application-code: 2.3s)
 GET /api/operator/models/active 200 in 1525ms (next.js: 101ms, proxy.ts: 36ms, application-code: 1388ms)
 GET /api/operator/schedule/slots?from=2026-04-22T22%3A12%3A57.224Z&to=2026-05-06T22%3A12%3A57.224Z&page_size=100 200 in 1595ms (next.js: 34ms, proxy.ts: 30ms, application-code: 1531ms)
 GET /api/operator/media?page_size=100 200 in 1598ms (next.js: 44ms, proxy.ts: 32ms, application-code: 1522ms)
 GET /api/operator/receipts?needs_review=true&page_size=10 200 in 1634ms (next.js: 56ms, proxy.ts: 34ms, application-code: 1543ms)
 GET /api/operator/dashboard/summary?window=24h 200 in 3.5s (next.js: 56ms, proxy.ts: 44ms, application-code: 3.4s)
 GET /api/operator/status/agent?window=24h 200 in 2.3s (next.js: 9ms, proxy.ts: 18ms, application-code: 2.3s)
 GET /api/operator/conversations?handoff_status=OPENED&page_size=10 200 in 1652ms (next.js: 68ms, proxy.ts: 44ms, application-code: 1539ms)
 GET /api/operator/conversations?handoff_status=ACKNOWLEDGED&page_size=10 200 in 1667ms (next.js: 77ms, proxy.ts: 45ms, application-code: 1544ms)
 GET /api/operator/conversations?page_size=100 200 in 1680ms (next.js: 62ms, proxy.ts: 41ms, application-code: 1576ms)
 GET /api/operator/dashboard/queues?page_size=10 200 in 1729ms (next.js: 55ms, proxy.ts: 40ms, application-code: 1634ms)
 GET /api/operator/handoffs/summary?window=7d 200 in 2.4s (next.js: 44ms, proxy.ts: 41ms, application-code: 2.3s)
 GET /api/operator/models/active 200 in 1382ms (next.js: 6ms, proxy.ts: 7ms, application-code: 1369ms)
 GET /api/operator/schedule/slots?from=2026-04-22T22%3A13%3A12.688Z&to=2026-05-06T22%3A13%3A12.688Z&page_size=100 200 in 1556ms (next.js: 25ms, proxy.ts: 9ms, application-code: 1521ms)
 GET /api/operator/receipts?needs_review=true&page_size=10 200 in 1558ms (next.js: 25ms, proxy.ts: 13ms, application-code: 1520ms)
 GET /api/operator/media?page_size=100 200 in 1578ms (next.js: 18ms, proxy.ts: 21ms, application-code: 1539ms)
 GET /api/operator/dashboard/summary?window=24h 200 in 3.4s (next.js: 41ms, proxy.ts: 41ms, application-code: 3.3s)
 GET /api/operator/status/agent?window=24h 200 in 3.2s (next.js: 7ms, proxy.ts: 14ms, application-code: 3.2s)
 GET /api/operator/dashboard/queues?page_size=10 200 in 1667ms (next.js: 55ms, proxy.ts: 45ms, application-code: 1567ms)
 GET /api/operator/conversations?handoff_status=ACKNOWLEDGED&page_size=10 200 in 1654ms (next.js: 74ms, proxy.ts: 38ms, application-code: 1542ms)
 GET /api/operator/conversations?handoff_status=OPENED&page_size=10 200 in 1663ms (next.js: 70ms, proxy.ts: 37ms, application-code: 1556ms)
 GET /api/operator/conversations?page_size=100 200 in 1691ms (next.js: 63ms, proxy.ts: 46ms, application-code: 1583ms)
 GET /api/operator/handoffs/summary?window=7d 200 in 2.4s (next.js: 46ms, proxy.ts: 45ms, application-code: 2.3s)
 GET /api/operator/models/active 200 in 1406ms (next.js: 43ms, proxy.ts: 25ms, application-code: 1339ms)
 GET /api/operator/schedule/slots?from=2026-04-22T22%3A13%3A27.694Z&to=2026-05-06T22%3A13%3A27.694Z&page_size=100 200 in 1563ms (next.js: 25ms, proxy.ts: 31ms, application-code: 1508ms)
 GET /api/operator/media?page_size=100 200 in 1559ms (next.js: 31ms, proxy.ts: 27ms, application-code: 1501ms)
 GET /api/operator/receipts?needs_review=true&page_size=10 200 in 1574ms (next.js: 36ms, proxy.ts: 27ms, application-code: 1511ms)
 GET /api/operator/dashboard/summary?window=24h 200 in 3.5s (next.js: 35ms, proxy.ts: 44ms, application-code: 3.4s)
 GET /api/operator/status/agent?window=24h 200 in 2.3s (next.js: 8ms, proxy.ts: 6ms, application-code: 2.2s)
 GET /api/operator/conversations?handoff_status=OPENED&page_size=10 200 in 1829ms (next.js: 200ms, proxy.ts: 33ms, application-code: 1596ms)
 GET /api/operator/conversations?page_size=100 200 in 1842ms (next.js: 69ms, proxy.ts: 33ms, application-code: 1741ms)
 GET /api/operator/conversations?handoff_status=ACKNOWLEDGED&page_size=10 200 in 2.0s (next.js: 67ms, proxy.ts: 36ms, application-code: 1902ms)
 GET /api/operator/dashboard/queues?page_size=10 200 in 2.0s (next.js: 61ms, proxy.ts: 33ms, application-code: 1931ms)
 GET /api/operator/handoffs/summary?window=7d 200 in 3.2s (next.js: 51ms, proxy.ts: 33ms, application-code: 3.1s)
 GET /api/operator/dashboard/summary?window=24h 200 in 3.7s (next.js: 47ms, proxy.ts: 29ms, application-code: 3.7s)
 GET /api/operator/models/active 200 in 1682ms (next.js: 44ms, proxy.ts: 25ms, application-code: 1613ms)
 GET /api/operator/receipts?needs_review=true&page_size=10 200 in 1869ms (next.js: 35ms, proxy.ts: 24ms, application-code: 1811ms)
 GET /api/operator/media?page_size=100 200 in 1889ms (next.js: 31ms, proxy.ts: 26ms, application-code: 1832ms)
 GET /api/operator/schedule/slots?from=2026-04-22T22%3A13%3A42.694Z&to=2026-05-06T22%3A13%3A42.694Z&page_size=100 200 in 2.1s (next.js: 24ms, proxy.ts: 25ms, application-code: 2.0s)
 GET /api/operator/status/agent?window=24h 200 in 2.5s (next.js: 7ms, proxy.ts: 8ms, application-code: 2.5s)
 GET /api/operator/conversations?page_size=100 200 in 2.3s (next.js: 58ms, proxy.ts: 36ms, application-code: 2.2s)
 GET /api/operator/dashboard/queues?page_size=10 200 in 2.9s (next.js: 51ms, proxy.ts: 36ms, application-code: 2.8s)
 GET /api/operator/conversations?handoff_status=ACKNOWLEDGED&page_size=10 200 in 3.0s (next.js: 181ms, proxy.ts: 39ms, application-code: 2.7s)
 GET /api/operator/conversations?handoff_status=OPENED&page_size=10 200 in 3.1s (next.js: 68ms, proxy.ts: 36ms, application-code: 3.0s)
 GET /api/operator/handoffs/summary?window=7d 200 in 3.2s (next.js: 44ms, proxy.ts: 35ms, application-code: 3.2s)
 GET /api/operator/dashboard/summary?window=24h 200 in 3.6s (next.js: 33ms, proxy.ts: 34ms, application-code: 3.5s)
 GET /api/operator/schedule/slots?from=2026-04-22T22%3A13%3A57.702Z&to=2026-05-06T22%3A13%3A57.702Z&page_size=100 200 in 1640ms (next.js: 7ms, proxy.ts: 14ms, application-code: 1619ms)
 GET /api/operator/models/active 200 in 1511ms (next.js: 66ms, proxy.ts: 59ms, application-code: 1386ms)
 GET /api/operator/receipts?needs_review=true&page_size=10 200 in 1622ms (next.js: 63ms, proxy.ts: 49ms, application-code: 1510ms)
 GET /api/operator/media?page_size=100 200 in 1630ms (next.js: 64ms, proxy.ts: 42ms, application-code: 1524ms)
 GET /api/operator/status/agent?window=24h 200 in 2.4s (next.js: 77ms, proxy.ts: 66ms, application-code: 2.3s)
 GET /dashboard 200 in 1388ms (next.js: 417ms, proxy.ts: 440ms, application-code: 530ms)
 GET /dashboard 200 in 847ms (next.js: 24ms, proxy.ts: 83ms, application-code: 739ms)
 GET /dashboard 200 in 715ms (next.js: 55ms, proxy.ts: 33ms, application-code: 627ms)
 GET /dashboard 200 in 716ms (next.js: 232ms, proxy.ts: 35ms, application-code: 449ms)
 GET /dashboard 200 in 806ms (next.js: 361ms, proxy.ts: 41ms, application-code: 404ms)
 GET /dashboard 200 in 805ms (next.js: 448ms, proxy.ts: 50ms, application-code: 306ms)
 GET /dashboard 200 in 817ms (next.js: 21ms, proxy.ts: 509ms, application-code: 286ms)
 GET /dashboard 200 in 644ms (next.js: 20ms, proxy.ts: 23ms, application-code: 600ms)
 GET /dashboard 200 in 646ms (next.js: 49ms, proxy.ts: 59ms, application-code: 538ms)
 GET /dashboard 200 in 647ms (next.js: 144ms, proxy.ts: 63ms, application-code: 440ms)
 GET /dashboard 200 in 740ms (next.js: 234ms, proxy.ts: 55ms, application-code: 451ms)
 GET /dashboard 200 in 742ms (next.js: 298ms, proxy.ts: 60ms, application-code: 383ms)
 GET /dashboard 200 in 547ms (next.js: 17ms, proxy.ts: 207ms, application-code: 324ms)
 GET /dashboard 200 in 639ms (next.js: 40ms, proxy.ts: 21ms, application-code: 578ms)
 GET /dashboard 200 in 592ms (next.js: 110ms, proxy.ts: 47ms, application-code: 435ms)
 GET /dashboard 200 in 600ms (next.js: 60ms, proxy.ts: 43ms, application-code: 497ms)
 GET /dashboard 200 in 591ms (next.js: 279ms, proxy.ts: 67ms, application-code: 245ms)
 GET /dashboard 200 in 597ms (next.js: 215ms, proxy.ts: 63ms, application-code: 319ms)
 GET /dashboard 200 in 442ms (next.js: 17ms, proxy.ts: 189ms, application-code: 236ms)
 GET /dashboard 200 in 529ms (next.js: 34ms, proxy.ts: 20ms, application-code: 475ms)
 GET /dashboard 200 in 644ms (next.js: 34ms, proxy.ts: 89ms, application-code: 522ms)
 GET /dashboard 200 in 592ms (next.js: 122ms, proxy.ts: 42ms, application-code: 429ms)
 GET /dashboard 200 in 715ms (next.js: 219ms, proxy.ts: 39ms, application-code: 456ms)
 GET /dashboard 200 in 715ms (next.js: 286ms, proxy.ts: 40ms, application-code: 389ms)
 GET /dashboard 200 in 519ms (next.js: 25ms, proxy.ts: 154ms, application-code: 341ms)
 GET /dashboard 200 in 531ms (next.js: 87ms, proxy.ts: 37ms, application-code: 407ms)
 GET /dashboard 200 in 498ms (next.js: 34ms, proxy.ts: 101ms, application-code: 363ms)
 GET /dashboard 200 in 433ms (next.js: 118ms, proxy.ts: 34ms, application-code: 281ms)
 GET /dashboard 200 in 434ms (next.js: 167ms, proxy.ts: 34ms, application-code: 233ms)
 GET /dashboard 200 in 440ms (next.js: 222ms, proxy.ts: 36ms, application-code: 183ms)
 GET /dashboard 200 in 434ms (next.js: 13ms, proxy.ts: 189ms, application-code: 232ms)
 GET /dashboard 200 in 635ms (next.js: 37ms, proxy.ts: 18ms, application-code: 580ms)
 GET /dashboard 200 in 645ms (next.js: 44ms, proxy.ts: 116ms, application-code: 485ms)
 GET /dashboard 200 in 638ms (next.js: 124ms, proxy.ts: 123ms, application-code: 391ms)
 GET /dashboard 200 in 551ms (next.js: 200ms, proxy.ts: 36ms, application-code: 315ms)
 GET /dashboard 200 in 547ms (next.js: 213ms, proxy.ts: 114ms, application-code: 220ms)
 GET /dashboard 200 in 528ms (next.js: 92ms, proxy.ts: 199ms, application-code: 237ms)
 GET /dashboard 200 in 485ms (next.js: 26ms, proxy.ts: 25ms, application-code: 434ms)
 GET /dashboard 200 in 474ms (next.js: 38ms, proxy.ts: 89ms, application-code: 346ms)
 GET /dashboard 200 in 467ms (next.js: 91ms, proxy.ts: 99ms, application-code: 277ms)
 GET /dashboard 200 in 412ms (next.js: 135ms, proxy.ts: 42ms, application-code: 235ms)
 GET /dashboard 200 in 401ms (next.js: 134ms, proxy.ts: 87ms, application-code: 180ms)
 GET /dashboard 200 in 421ms (next.js: 78ms, proxy.ts: 126ms, application-code: 218ms)
 GET /dashboard 200 in 506ms (next.js: 25ms, proxy.ts: 23ms, application-code: 458ms)
 GET /dashboard 200 in 497ms (next.js: 39ms, proxy.ts: 101ms, application-code: 357ms)
 GET /dashboard 200 in 496ms (next.js: 100ms, proxy.ts: 111ms, application-code: 286ms)
 GET /dashboard 200 in 424ms (next.js: 151ms, proxy.ts: 42ms, application-code: 231ms)
 GET /dashboard 200 in 464ms (next.js: 149ms, proxy.ts: 96ms, application-code: 218ms)
 GET /dashboard 200 in 404ms (next.js: 70ms, proxy.ts: 141ms, application-code: 193ms)
 GET /dashboard 200 in 413ms (next.js: 24ms, proxy.ts: 17ms, application-code: 373ms)
 GET /dashboard 200 in 474ms (next.js: 34ms, proxy.ts: 83ms, application-code: 357ms)
 GET /dashboard 200 in 409ms (next.js: 128ms, proxy.ts: 35ms, application-code: 246ms)
 GET /dashboard 200 in 418ms (next.js: 87ms, proxy.ts: 35ms, application-code: 296ms)
 GET /dashboard 200 in 473ms (next.js: 122ms, proxy.ts: 84ms, application-code: 267ms)
 GET /dashboard 200 in 429ms (next.js: 104ms, proxy.ts: 113ms, application-code: 213ms)
 GET /dashboard 200 in 583ms (next.js: 25ms, proxy.ts: 12ms, application-code: 546ms)
 GET /dashboard 200 in 568ms (next.js: 31ms, proxy.ts: 99ms, application-code: 438ms)
 GET /dashboard 200 in 562ms (next.js: 109ms, proxy.ts: 100ms, application-code: 352ms)
 GET /dashboard 200 in 494ms (next.js: 214ms, proxy.ts: 37ms, application-code: 243ms)
 GET /dashboard 200 in 467ms (next.js: 142ms, proxy.ts: 213ms, application-code: 112ms)
 GET /api/operator/conversations?page_size=100 200 in 3.7s (next.js: 2.0s, proxy.ts: 35ms, application-code: 1616ms)
 GET /api/operator/conversations?handoff_status=ACKNOWLEDGED&page_size=10 200 in 3.7s (next.js: 2.0s, proxy.ts: 39ms, application-code: 1596ms)
 GET /api/operator/conversations?handoff_status=OPENED&page_size=10 200 in 3.7s (next.js: 2.0s, proxy.ts: 38ms, application-code: 1617ms)
 GET /api/operator/dashboard/queues?page_size=10 200 in 3.7s (next.js: 1934ms, proxy.ts: 36ms, application-code: 1728ms)
 GET /api/operator/handoffs/summary?window=7d 200 in 4.3s (next.js: 1867ms, proxy.ts: 37ms, application-code: 2.4s)
 GET /api/operator/dashboard/summary?window=24h 200 in 5.3s (next.js: 1784ms, proxy.ts: 34ms, application-code: 3.5s)
 GET /api/operator/schedule/slots?from=2026-04-22T22%3A14%3A13.697Z&to=2026-05-06T22%3A14%3A13.697Z&page_size=100 200 in 1612ms (next.js: 68ms, proxy.ts: 37ms, application-code: 1507ms)
 GET /api/operator/models/active 200 in 1613ms (next.js: 220ms, proxy.ts: 27ms, application-code: 1366ms)
 GET /api/operator/media?page_size=100 200 in 1657ms (next.js: 111ms, proxy.ts: 30ms, application-code: 1516ms)
 GET /api/operator/receipts?needs_review=true&page_size=10 200 in 1708ms (next.js: 171ms, proxy.ts: 30ms, application-code: 1507ms)
 GET /api/operator/status/agent?window=24h 200 in 2.3s (next.js: 39ms, proxy.ts: 8ms, application-code: 2.3s)
 GET /api/operator/dashboard/queues?page_size=10 200 in 1671ms (next.js: 57ms, proxy.ts: 45ms, application-code: 1569ms)
 GET /api/operator/conversations?page_size=100 200 in 1677ms (next.js: 64ms, proxy.ts: 43ms, application-code: 1570ms)
 GET /api/operator/conversations?handoff_status=ACKNOWLEDGED&page_size=10 200 in 1672ms (next.js: 75ms, proxy.ts: 46ms, application-code: 1552ms)
 GET /api/operator/conversations?handoff_status=OPENED&page_size=10 200 in 1681ms (next.js: 69ms, proxy.ts: 45ms, application-code: 1567ms)
 GET /api/operator/handoffs/summary?window=7d 200 in 2.4s (next.js: 50ms, proxy.ts: 44ms, application-code: 2.3s)
 GET /api/operator/models/active 200 in 1390ms (next.js: 27ms, proxy.ts: 21ms, application-code: 1342ms)
 GET /api/operator/schedule/slots?from=2026-04-22T22%3A14%3A58.690Z&to=2026-05-06T22%3A14%3A58.690Z&page_size=100 200 in 1555ms (next.js: 5ms, proxy.ts: 25ms, application-code: 1525ms)
 GET /api/operator/media?page_size=100 200 in 1534ms (next.js: 14ms, proxy.ts: 18ms, application-code: 1502ms)
 GET /api/operator/receipts?needs_review=true&page_size=10 200 in 1562ms (next.js: 21ms, proxy.ts: 21ms, application-code: 1520ms)
 GET /api/operator/dashboard/summary?window=24h 200 in 3.4s (next.js: 42ms, proxy.ts: 43ms, application-code: 3.3s)
 GET /api/operator/status/agent?window=24h 200 in 2.3s (next.js: 5ms, proxy.ts: 11ms, application-code: 2.2s)
 GET /dashboard 200 in 666ms (next.js: 235ms, proxy.ts: 237ms, application-code: 194ms)
 GET /dashboard 200 in 464ms (next.js: 161ms, proxy.ts: 215ms, application-code: 88ms)
 GET /api/operator/conversations?handoff_status=ACKNOWLEDGED&page_size=10 200 in 1933ms (next.js: 317ms, proxy.ts: 75ms, application-code: 1541ms)
 GET /api/operator/conversations?handoff_status=OPENED&page_size=10 200 in 1943ms (next.js: 313ms, proxy.ts: 69ms, application-code: 1561ms)
 GET /api/operator/dashboard/queues?page_size=10 200 in 1970ms (next.js: 257ms, proxy.ts: 60ms, application-code: 1653ms)
 GET /api/operator/conversations?page_size=100 200 in 1973ms (next.js: 305ms, proxy.ts: 66ms, application-code: 1602ms)
 GET /api/operator/handoffs/summary?window=7d 200 in 2.7s (next.js: 206ms, proxy.ts: 55ms, application-code: 2.4s)
 GET /api/operator/schedule/slots?from=2026-04-22T22%3A15%3A22.692Z&to=2026-05-06T22%3A15%3A22.692Z&page_size=100 200 in 1674ms (next.js: 83ms, proxy.ts: 36ms, application-code: 1555ms)
 GET /api/operator/dashboard/summary?window=24h 200 in 3.7s (next.js: 143ms, proxy.ts: 48ms, application-code: 3.5s)
 GET /api/operator/media?page_size=100 200 in 1719ms (next.js: 142ms, proxy.ts: 41ms, application-code: 1536ms)
 GET /api/operator/models/active 200 in 1723ms (next.js: 249ms, proxy.ts: 44ms, application-code: 1431ms)
 GET /api/operator/receipts?needs_review=true&page_size=10 200 in 1784ms (next.js: 197ms, proxy.ts: 40ms, application-code: 1547ms)
 GET /api/operator/status/agent?window=24h 200 in 2.4s (next.js: 57ms, proxy.ts: 13ms, application-code: 2.3s)
 GET /api/operator/dashboard/queues?page_size=10 200 in 2.0s (next.js: 141ms, proxy.ts: 189ms, application-code: 1675ms)
 GET /api/operator/conversations?handoff_status=OPENED&page_size=10 200 in 2.1s (next.js: 148ms, proxy.ts: 196ms, application-code: 1796ms)
 GET /api/operator/conversations?page_size=100 200 in 2.1s (next.js: 144ms, proxy.ts: 194ms, application-code: 1812ms)
 GET /api/operator/conversations?handoff_status=ACKNOWLEDGED&page_size=10 200 in 2.0s (next.js: 160ms, proxy.ts: 53ms, application-code: 1799ms)
 GET /api/operator/handoffs/summary?window=7d 200 in 3.3s (next.js: 141ms, proxy.ts: 712ms, application-code: 2.4s)
 GET /api/operator/schedule/slots?from=2026-04-22T22%3A15%3A58.704Z&to=2026-05-06T22%3A15%3A58.704Z&page_size=100 200 in 1696ms (next.js: 6ms, proxy.ts: 16ms, application-code: 1674ms)
 GET /api/operator/models/active 200 in 1509ms (next.js: 39ms, proxy.ts: 33ms, application-code: 1436ms)
 GET /api/operator/dashboard/summary?window=24h 200 in 4.6s (next.js: 317ms, proxy.ts: 14ms, application-code: 4.2s)
 GET /api/operator/media?page_size=100 200 in 1584ms (next.js: 24ms, proxy.ts: 33ms, application-code: 1527ms)
 GET /api/operator/receipts?needs_review=true&page_size=10 200 in 1601ms (next.js: 34ms, proxy.ts: 34ms, application-code: 1533ms)
 GET /api/operator/status/agent?window=24h 200 in 2.6s (next.js: 9ms, proxy.ts: 14ms, application-code: 2.6s)
 GET /api/operator/conversations?handoff_status=OPENED&page_size=10 200 in 1693ms (next.js: 84ms, proxy.ts: 51ms, application-code: 1558ms)
 GET /api/operator/conversations?handoff_status=ACKNOWLEDGED&page_size=10 200 in 1711ms (next.js: 92ms, proxy.ts: 54ms, application-code: 1565ms)
 GET /api/operator/conversations?page_size=100 200 in 1723ms (next.js: 75ms, proxy.ts: 49ms, application-code: 1598ms)
 GET /api/operator/dashboard/queues?page_size=10 200 in 1748ms (next.js: 64ms, proxy.ts: 57ms, application-code: 1627ms)
 GET /api/operator/handoffs/summary?window=7d 200 in 2.5s (next.js: 54ms, proxy.ts: 54ms, application-code: 2.3s)
 GET /api/operator/models/active 200 in 1500ms (next.js: 53ms, proxy.ts: 59ms, application-code: 1389ms)
 GET /api/operator/schedule/slots?from=2026-04-22T22%3A16%3A58.695Z&to=2026-05-06T22%3A16%3A58.695Z&page_size=100 200 in 1575ms (next.js: 34ms, proxy.ts: 12ms, application-code: 1529ms)
 GET /api/operator/media?page_size=100 200 in 1598ms (next.js: 44ms, proxy.ts: 47ms, application-code: 1507ms)
 GET /api/operator/receipts?needs_review=true&page_size=10 200 in 1667ms (next.js: 51ms, proxy.ts: 62ms, application-code: 1554ms)
 GET /api/operator/dashboard/summary?window=24h 200 in 3.6s (next.js: 39ms, proxy.ts: 62ms, application-code: 3.5s)
 GET /api/operator/status/agent?window=24h 200 in 2.3s (next.js: 6ms, proxy.ts: 11ms, application-code: 2.3s)
 GET /dashboard 200 in 585ms (next.js: 258ms, proxy.ts: 10ms, application-code: 316ms)
 GET /dashboard 200 in 156ms (next.js: 11ms, proxy.ts: 15ms, application-code: 130ms)
 GET /dashboard 200 in 445ms (next.js: 28ms, proxy.ts: 32ms, application-code: 386ms)
 GET /dashboard 200 in 149ms (next.js: 10ms, proxy.ts: 14ms, application-code: 126ms)
 GET /api/operator/dashboard/queues?page_size=10 200 in 1631ms (next.js: 46ms, proxy.ts: 40ms, application-code: 1545ms)
 GET /api/operator/conversations?page_size=100 200 in 1637ms (next.js: 53ms, proxy.ts: 44ms, application-code: 1540ms)
 GET /api/operator/conversations?handoff_status=OPENED&page_size=10 200 in 1657ms (next.js: 61ms, proxy.ts: 35ms, application-code: 1561ms)
 GET /api/operator/conversations?handoff_status=ACKNOWLEDGED&page_size=10 200 in 1658ms (next.js: 71ms, proxy.ts: 36ms, application-code: 1551ms)
 GET /api/operator/handoffs/summary?window=7d 200 in 2.4s (next.js: 37ms, proxy.ts: 39ms, application-code: 2.3s)
 GET /api/operator/models/active 200 in 1440ms (next.js: 25ms, proxy.ts: 54ms, application-code: 1361ms)
 GET /api/operator/schedule/slots?from=2026-04-22T22%3A17%3A58.692Z&to=2026-05-06T22%3A17%3A58.692Z&page_size=100 200 in 1564ms (next.js: 38ms, proxy.ts: 19ms, application-code: 1507ms)
 GET /api/operator/media?page_size=100 200 in 1567ms (next.js: 40ms, proxy.ts: 24ms, application-code: 1502ms)
 GET /api/operator/receipts?needs_review=true&page_size=10 200 in 1594ms (next.js: 16ms, proxy.ts: 49ms, application-code: 1528ms)
 GET /api/operator/dashboard/summary?window=24h 200 in 3.4s (next.js: 36ms, proxy.ts: 40ms, application-code: 3.4s)
 GET /api/operator/status/agent?window=24h 200 in 2.3s (next.js: 5ms, proxy.ts: 10ms, application-code: 2.3s)
 GET /dashboard 200 in 267ms (next.js: 9ms, proxy.ts: 11ms, application-code: 247ms)
 GET /dashboard 200 in 158ms (next.js: 8ms, proxy.ts: 13ms, application-code: 137ms)
 GET /api/operator/conversations?page_size=100 200 in 1653ms (next.js: 61ms, proxy.ts: 41ms, application-code: 1551ms)
 GET /api/operator/dashboard/queues?page_size=10 200 in 1672ms (next.js: 53ms, proxy.ts: 44ms, application-code: 1575ms)
 GET /api/operator/conversations?handoff_status=ACKNOWLEDGED&page_size=10 200 in 1657ms (next.js: 75ms, proxy.ts: 40ms, application-code: 1541ms)
 GET /api/operator/conversations?handoff_status=OPENED&page_size=10 200 in 1670ms (next.js: 67ms, proxy.ts: 39ms, application-code: 1564ms)
 GET /api/operator/handoffs/summary?window=7d 200 in 2.4s (next.js: 46ms, proxy.ts: 43ms, application-code: 2.3s)
 GET /api/operator/models/active 200 in 1442ms (next.js: 46ms, proxy.ts: 24ms, application-code: 1372ms)
 GET /api/operator/schedule/slots?from=2026-04-22T22%3A18%3A58.697Z&to=2026-05-06T22%3A18%3A58.697Z&page_size=100 200 in 1620ms (next.js: 23ms, proxy.ts: 28ms, application-code: 1569ms)
 GET /api/operator/receipts?needs_review=true&page_size=10 200 in 1610ms (next.js: 33ms, proxy.ts: 24ms, application-code: 1552ms)
 GET /api/operator/media?page_size=100 200 in 1616ms (next.js: 26ms, proxy.ts: 22ms, application-code: 1568ms)
 GET /api/operator/dashboard/summary?window=24h 200 in 3.4s (next.js: 36ms, proxy.ts: 47ms, application-code: 3.3s)
 GET /api/operator/status/agent?window=24h 200 in 2.3s (next.js: 10ms, proxy.ts: 11ms, application-code: 2.3s)
 GET /status 200 in 324ms (next.js: 165ms, proxy.ts: 13ms, application-code: 147ms)
 GET /dashboard 200 in 156ms (next.js: 10ms, proxy.ts: 13ms, application-code: 133ms)
 GET /status 200 in 124ms (next.js: 7ms, proxy.ts: 11ms, application-code: 107ms)
 GET /midias 200 in 322ms (next.js: 112ms, proxy.ts: 8ms, application-code: 202ms)
 GET / 307 in 1169ms (next.js: 764ms, proxy.ts: 13ms, application-code: 392ms)
 GET /dashboard 200 in 226ms (next.js: 37ms, proxy.ts: 16ms, application-code: 172ms)
 GET /dashboard 200 in 114ms (next.js: 7ms, proxy.ts: 10ms, application-code: 96ms)
 GET /conversas 200 in 335ms (next.js: 120ms, proxy.ts: 13ms, application-code: 202ms)
 GET /handoffs 200 in 211ms (next.js: 84ms, proxy.ts: 10ms, application-code: 116ms)
 GET /agenda 200 in 238ms (next.js: 106ms, proxy.ts: 8ms, application-code: 124ms)
 GET /midias 200 in 237ms (next.js: 9ms, proxy.ts: 8ms, application-code: 221ms)
 GET /modelos 200 in 172ms (next.js: 41ms, proxy.ts: 11ms, application-code: 120ms)
 GET /status 200 in 107ms (next.js: 7ms, proxy.ts: 10ms, application-code: 90ms)
 GET /api/operator/dashboard/queues?page_size=10 200 in 1740ms (next.js: 89ms, proxy.ts: 64ms, application-code: 1587ms)
 GET /api/operator/conversations?handoff_status=ACKNOWLEDGED&page_size=10 200 in 1755ms (next.js: 82ms, proxy.ts: 84ms, application-code: 1589ms)
 GET /api/operator/conversations?page_size=100 200 in 1780ms (next.js: 102ms, proxy.ts: 63ms, application-code: 1615ms)
 GET /api/operator/conversations?handoff_status=OPENED&page_size=10 200 in 1769ms (next.js: 109ms, proxy.ts: 80ms, application-code: 1580ms)
 GET /api/operator/handoffs/summary?window=7d 200 in 2.5s (next.js: 79ms, proxy.ts: 61ms, application-code: 2.3s)
 GET /api/operator/models/active 200 in 1474ms (next.js: 65ms, proxy.ts: 38ms, application-code: 1372ms)
 GET /api/operator/schedule/slots?from=2026-04-22T22%3A19%3A58.703Z&to=2026-05-06T22%3A19%3A58.703Z&page_size=100 200 in 1551ms (next.js: 5ms, proxy.ts: 9ms, application-code: 1536ms)
 GET /api/operator/media?page_size=100 200 in 1588ms (next.js: 26ms, proxy.ts: 32ms, application-code: 1531ms)
 GET /api/operator/receipts?needs_review=true&page_size=10 200 in 1610ms (next.js: 48ms, proxy.ts: 36ms, application-code: 1526ms)
 GET /api/operator/dashboard/summary?window=24h 200 in 3.5s (next.js: 60ms, proxy.ts: 47ms, application-code: 3.4s)
 GET /api/operator/status/agent?window=24h 200 in 2.4s (next.js: 6ms, proxy.ts: 10ms, application-code: 2.3s)
 GET /api/operator/dashboard/queues?page_size=10 200 in 1758ms (next.js: 90ms, proxy.ts: 65ms, application-code: 1603ms)
 GET /api/operator/conversations?handoff_status=OPENED&page_size=10 200 in 1677ms (next.js: 43ms, proxy.ts: 88ms, application-code: 1545ms)
 GET /api/operator/conversations?handoff_status=ACKNOWLEDGED&page_size=10 200 in 1660ms (next.js: 51ms, proxy.ts: 71ms, application-code: 1538ms)
 GET /api/operator/conversations?page_size=100 200 in 2.1s (next.js: 54ms, proxy.ts: 72ms, application-code: 2.0s)
 GET /api/operator/handoffs/summary?window=7d 200 in 2.5s (next.js: 74ms, proxy.ts: 48ms, application-code: 2.3s)
 GET /api/operator/dashboard/summary?window=24h 200 in 3.4s (next.js: 11ms, proxy.ts: 17ms, application-code: 3.4s)
 GET /api/operator/schedule/slots?from=2026-04-22T22%3A20%3A12.698Z&to=2026-05-06T22%3A20%3A12.698Z&page_size=100 200 in 1580ms (next.js: 16ms, proxy.ts: 22ms, application-code: 1542ms)
 GET /api/operator/media?page_size=100 200 in 1574ms (next.js: 23ms, proxy.ts: 18ms, application-code: 1532ms)
 GET /api/operator/receipts?needs_review=true&page_size=10 200 in 1569ms (next.js: 15ms, proxy.ts: 24ms, application-code: 1530ms)
 GET /api/operator/models/active 200 in 1383ms (next.js: 9ms, proxy.ts: 8ms, application-code: 1366ms)
 GET /api/operator/status/agent?window=24h 200 in 2.3s (next.js: 9ms, proxy.ts: 14ms, application-code: 2.3s)
 GET /api/operator/conversations?handoff_status=OPENED&page_size=10 200 in 1637ms (next.js: 55ms, proxy.ts: 36ms, application-code: 1546ms)
 GET /api/operator/conversations?page_size=100 200 in 1647ms (next.js: 49ms, proxy.ts: 35ms, application-code: 1562ms)
 GET /api/operator/conversations?handoff_status=ACKNOWLEDGED&page_size=10 200 in 1654ms (next.js: 61ms, proxy.ts: 36ms, application-code: 1556ms)
 GET /api/operator/dashboard/queues?page_size=10 200 in 1670ms (next.js: 46ms, proxy.ts: 31ms, application-code: 1593ms)
 GET /api/operator/handoffs/summary?window=7d 200 in 2.4s (next.js: 38ms, proxy.ts: 33ms, application-code: 2.3s)
 GET /api/operator/models/active 200 in 1430ms (next.js: 39ms, proxy.ts: 28ms, application-code: 1363ms)
 GET /api/operator/media?page_size=100 200 in 1579ms (next.js: 24ms, proxy.ts: 38ms, application-code: 1517ms)
 GET /api/operator/schedule/slots?from=2026-04-22T22%3A20%3A27.702Z&to=2026-05-06T22%3A20%3A27.702Z&page_size=100 200 in 1588ms (next.js: 24ms, proxy.ts: 35ms, application-code: 1529ms)
 GET /api/operator/receipts?needs_review=true&page_size=10 200 in 1589ms (next.js: 32ms, proxy.ts: 27ms, application-code: 1530ms)
 GET /api/operator/dashboard/summary?window=24h 200 in 3.4s (next.js: 34ms, proxy.ts: 31ms, application-code: 3.3s)
 GET /api/operator/status/agent?window=24h 200 in 2.3s (next.js: 9ms, proxy.ts: 11ms, application-code: 2.3s)
 GET /dashboard 200 in 234ms (next.js: 60ms, proxy.ts: 11ms, application-code: 162ms)
 GET /api/operator/conversations?page_size=100 200 in 2.1s (next.js: 64ms, proxy.ts: 35ms, application-code: 1959ms)
 GET /api/operator/conversations?handoff_status=OPENED&page_size=10 200 in 2.1s (next.js: 74ms, proxy.ts: 36ms, application-code: 1955ms)
 GET /api/operator/conversations?handoff_status=ACKNOWLEDGED&page_size=10 200 in 2.1s (next.js: 86ms, proxy.ts: 45ms, application-code: 1928ms)
 GET /api/operator/dashboard/queues?page_size=10 200 in 2.1s (next.js: 54ms, proxy.ts: 33ms, application-code: 2.0s)
 GET /dashboard 200 in 543ms (next.js: 109ms, proxy.ts: 16ms, application-code: 418ms)
 GET /api/operator/handoffs/summary?window=7d 200 in 2.5s (next.js: 44ms, proxy.ts: 39ms, application-code: 2.4s)
 GET /api/operator/dashboard/summary?window=24h 200 in 3.5s (next.js: 36ms, proxy.ts: 37ms, application-code: 3.5s)
 GET /api/operator/models/active 200 in 1603ms (next.js: 110ms, proxy.ts: 65ms, application-code: 1428ms)
 GET /api/operator/schedule/slots?from=2026-04-22T22%3A20%3A42.701Z&to=2026-05-06T22%3A20%3A42.701Z&page_size=100 200 in 1729ms (next.js: 51ms, proxy.ts: 101ms, application-code: 1578ms)
 GET /api/operator/receipts?needs_review=true&page_size=10 200 in 1767ms (next.js: 51ms, proxy.ts: 123ms, application-code: 1594ms)
 GET /api/operator/media?page_size=100 200 in 1790ms (next.js: 98ms, proxy.ts: 112ms, application-code: 1580ms)
 GET /api/operator/status/agent?window=24h 200 in 2.4s (next.js: 18ms, proxy.ts: 34ms, application-code: 2.3s)
 GET /dashboard 200 in 565ms (next.js: 26ms, proxy.ts: 19ms, application-code: 520ms)
 GET /api/operator/dashboard/queues?page_size=10 200 in 1787ms (next.js: 77ms, proxy.ts: 84ms, application-code: 1626ms)
 GET /api/operator/conversations?page_size=100 200 in 1808ms (next.js: 51ms, proxy.ts: 88ms, application-code: 1669ms)
 GET /api/operator/conversations?handoff_status=OPENED&page_size=10 200 in 1871ms (next.js: 95ms, proxy.ts: 58ms, application-code: 1719ms)
 GET /api/operator/conversations?handoff_status=ACKNOWLEDGED&page_size=10 200 in 1872ms (next.js: 112ms, proxy.ts: 58ms, application-code: 1702ms)
 GET /api/operator/handoffs/summary?window=7d 200 in 2.5s (next.js: 57ms, proxy.ts: 66ms, application-code: 2.4s)
 GET /api/operator/dashboard/summary?window=24h 200 in 3.5s (next.js: 9ms, proxy.ts: 19ms, application-code: 3.5s)
 GET /api/operator/models/active 200 in 1452ms (next.js: 27ms, proxy.ts: 27ms, application-code: 1398ms)
 GET /api/operator/media?page_size=100 200 in 1649ms (next.js: 55ms, proxy.ts: 16ms, application-code: 1579ms)
 GET /api/operator/schedule/slots?from=2026-04-22T22%3A20%3A58.290Z&to=2026-05-06T22%3A20%3A58.290Z&page_size=100 200 in 1686ms (next.js: 21ms, proxy.ts: 30ms, application-code: 1635ms)
 GET /api/operator/receipts?needs_review=true&page_size=10 200 in 1588ms (next.js: 20ms, proxy.ts: 36ms, application-code: 1531ms)
 GET /api/operator/status/agent?window=24h 200 in 2.3s (next.js: 11ms, proxy.ts: 16ms, application-code: 2.3s)
 GET /api/operator/dashboard/queues?page_size=10 200 in 1685ms (next.js: 62ms, proxy.ts: 46ms, application-code: 1577ms)
 GET /api/operator/conversations?handoff_status=OPENED&page_size=10 200 in 1716ms (next.js: 72ms, proxy.ts: 43ms, application-code: 1601ms)
 GET /api/operator/conversations?handoff_status=ACKNOWLEDGED&page_size=10 200 in 1719ms (next.js: 76ms, proxy.ts: 47ms, application-code: 1595ms)
 GET /api/operator/conversations?page_size=100 200 in 1736ms (next.js: 69ms, proxy.ts: 40ms, application-code: 1627ms)
 GET /api/operator/handoffs/summary?window=7d 200 in 2.4s (next.js: 54ms, proxy.ts: 42ms, application-code: 2.4s)
 GET /api/operator/models/active 200 in 1496ms (next.js: 47ms, proxy.ts: 37ms, application-code: 1412ms)
 GET /api/operator/schedule/slots?from=2026-04-22T22%3A21%3A12.705Z&to=2026-05-06T22%3A21%3A12.705Z&page_size=100 200 in 1608ms (next.js: 9ms, proxy.ts: 12ms, application-code: 1587ms)
 GET /api/operator/media?page_size=100 200 in 1589ms (next.js: 48ms, proxy.ts: 27ms, application-code: 1515ms)
 GET /api/operator/receipts?needs_review=true&page_size=10 200 in 1630ms (next.js: 22ms, proxy.ts: 33ms, application-code: 1575ms)
 GET /api/operator/dashboard/summary?window=24h 200 in 3.5s (next.js: 46ms, proxy.ts: 42ms, application-code: 3.4s)
 GET /api/operator/status/agent?window=24h 200 in 2.3s (next.js: 9ms, proxy.ts: 15ms, application-code: 2.3s)
 GET /dashboard 200 in 199ms (next.js: 9ms, proxy.ts: 12ms, application-code: 178ms)
 GET /dashboard 200 in 172ms (next.js: 9ms, proxy.ts: 11ms, application-code: 153ms)
 GET /api/operator/conversations?page_size=100 200 in 3.2s (next.js: 133ms, proxy.ts: 33ms, application-code: 3.0s)
 GET /api/operator/conversations?handoff_status=OPENED&page_size=10 200 in 5.2s (next.js: 138ms, proxy.ts: 33ms, application-code: 5.1s)
 GET /api/operator/conversations?handoff_status=ACKNOWLEDGED&page_size=10 200 in 6.7s (next.js: 154ms, proxy.ts: 34ms, application-code: 6.5s)
 GET /api/operator/handoffs/summary?window=7d 200 in 7.6s (next.js: 113ms, proxy.ts: 37ms, application-code: 7.4s)
 GET /api/operator/dashboard/queues?page_size=10 200 in 8.2s (next.js: 122ms, proxy.ts: 40ms, application-code: 8.0s)
 GET /api/operator/dashboard/summary?window=24h 200 in 8.2s (next.js: 29ms, proxy.ts: 36ms, application-code: 8.1s)
 GET /api/operator/schedule/slots?from=2026-04-22T22%3A21%3A58.703Z&to=2026-05-06T22%3A21%3A58.703Z&page_size=100 200 in 4.9s (next.js: 7ms, proxy.ts: 9ms, application-code: 4.9s)
 GET /api/operator/models/active 200 in 1465ms (next.js: 15ms, proxy.ts: 76ms, application-code: 1373ms)
 GET /api/operator/receipts?needs_review=true&page_size=10 200 in 2.6s (next.js: 800ms, proxy.ts: 154ms, application-code: 1629ms)
 GET /api/operator/media?page_size=100 200 in 2.6s (next.js: 791ms, proxy.ts: 150ms, application-code: 1654ms)
 GET /api/operator/status/agent?window=24h 200 in 2.4s (next.js: 37ms, proxy.ts: 29ms, application-code: 2.3s)
 GET /dashboard 200 in 829ms (next.js: 366ms, proxy.ts: 32ms, application-code: 431ms)
 GET /status 200 in 262ms (next.js: 13ms, proxy.ts: 17ms, application-code: 232ms)
 GET /dashboard 200 in 155ms (next.js: 9ms, proxy.ts: 12ms, application-code: 135ms)
 GET /status 200 in 171ms (next.js: 11ms, proxy.ts: 10ms, application-code: 150ms)
 GET /midias 200 in 169ms (next.js: 15ms, proxy.ts: 12ms, application-code: 142ms)
 GET /api/operator/conversations?handoff_status=ACKNOWLEDGED&page_size=10 200 in 1658ms (next.js: 73ms, proxy.ts: 37ms, application-code: 1549ms)
 GET /api/operator/conversations?handoff_status=OPENED&page_size=10 200 in 1669ms (next.js: 65ms, proxy.ts: 36ms, application-code: 1568ms)
 GET /api/operator/dashboard/queues?page_size=10 200 in 1683ms (next.js: 36ms, proxy.ts: 36ms, application-code: 1611ms)
 GET /api/operator/conversations?page_size=100 200 in 1689ms (next.js: 57ms, proxy.ts: 35ms, application-code: 1596ms)
 GET /api/operator/handoffs/summary?window=7d 200 in 2.5s (next.js: 53ms, proxy.ts: 37ms, application-code: 2.4s)
 GET /api/operator/models/active 200 in 1476ms (next.js: 54ms, proxy.ts: 39ms, application-code: 1383ms)
 GET /api/operator/schedule/slots?from=2026-04-22T22%3A22%3A58.703Z&to=2026-05-06T22%3A22%3A58.703Z&page_size=100 200 in 1621ms (next.js: 40ms, proxy.ts: 28ms, application-code: 1553ms)
 GET /api/operator/receipts?needs_review=true&page_size=10 200 in 1620ms (next.js: 46ms, proxy.ts: 40ms, application-code: 1534ms)
 GET /api/operator/media?page_size=100 200 in 1629ms (next.js: 41ms, proxy.ts: 35ms, application-code: 1552ms)
 GET /api/operator/dashboard/summary?window=24h 200 in 3.5s (next.js: 27ms, proxy.ts: 37ms, application-code: 3.4s)
 GET /api/operator/status/agent?window=24h 200 in 2.3s (next.js: 5ms, proxy.ts: 11ms, application-code: 2.3s)
 GET / 307 in 225ms (next.js: 15ms, proxy.ts: 13ms, application-code: 196ms)
 GET /dashboard 200 in 210ms (next.js: 16ms, proxy.ts: 29ms, application-code: 165ms)
 GET /dashboard 200 in 151ms (next.js: 8ms, proxy.ts: 12ms, application-code: 131ms)
 GET /conversas 200 in 134ms (next.js: 9ms, proxy.ts: 11ms, application-code: 114ms)
 GET /handoffs 200 in 295ms (next.js: 16ms, proxy.ts: 14ms, application-code: 265ms)
 GET /agenda 200 in 160ms (next.js: 11ms, proxy.ts: 14ms, application-code: 135ms)
 GET /midias 200 in 212ms (next.js: 8ms, proxy.ts: 15ms, application-code: 189ms)
 GET /modelos 200 in 141ms (next.js: 12ms, proxy.ts: 11ms, application-code: 118ms)
 GET /status 200 in 155ms (next.js: 8ms, proxy.ts: 8ms, application-code: 139ms)
 GET /midias 200 in 482ms (next.js: 12ms, proxy.ts: 14ms, application-code: 456ms)
 GET /api/operator/conversations?page_size=100 200 in 1733ms (next.js: 90ms, proxy.ts: 48ms, application-code: 1595ms)
 GET /api/operator/conversations?handoff_status=ACKNOWLEDGED&page_size=10 200 in 1739ms (next.js: 116ms, proxy.ts: 55ms, application-code: 1568ms)
 GET /api/operator/conversations?handoff_status=OPENED&page_size=10 200 in 1748ms (next.js: 100ms, proxy.ts: 52ms, application-code: 1596ms)
 GET /api/operator/dashboard/queues?page_size=10 200 in 1764ms (next.js: 78ms, proxy.ts: 47ms, application-code: 1639ms)
 GET /api/operator/handoffs/summary?window=7d 200 in 2.4s (next.js: 66ms, proxy.ts: 44ms, application-code: 2.3s)
 GET /midias 200 in 588ms (next.js: 16ms, proxy.ts: 21ms, application-code: 550ms)
 GET /api/operator/models/active 200 in 1476ms (next.js: 57ms, proxy.ts: 38ms, application-code: 1382ms)
 GET /api/operator/media?page_size=100 200 in 1587ms (next.js: 42ms, proxy.ts: 33ms, application-code: 1513ms)
 GET /api/operator/schedule/slots?from=2026-04-22T22%3A23%3A58.709Z&to=2026-05-06T22%3A23%3A58.709Z&page_size=100 200 in 1596ms (next.js: 33ms, proxy.ts: 30ms, application-code: 1533ms)
 GET /api/operator/receipts?needs_review=true&page_size=10 200 in 1599ms (next.js: 49ms, proxy.ts: 35ms, application-code: 1515ms)
 GET /api/operator/dashboard/summary?window=24h 200 in 3.5s (next.js: 56ms, proxy.ts: 40ms, application-code: 3.4s)
 GET /api/operator/status/agent?window=24h 200 in 2.5s (next.js: 72ms, proxy.ts: 89ms, application-code: 2.3s)
 GET /api/operator/media/usage-summary?window=7d 405 in 1884ms (next.js: 1833ms, proxy.ts: 11ms, application-code: 39ms)
✓ Compiled in 557ms
 GET /api/operator/conversations?page_size=100 200 in 1862ms (next.js: 95ms, proxy.ts: 63ms, application-code: 1704ms)
 GET /api/operator/dashboard/queues?page_size=10 200 in 1885ms (next.js: 78ms, proxy.ts: 61ms, application-code: 1746ms)
 GET /api/operator/conversations?handoff_status=ACKNOWLEDGED&page_size=10 200 in 1900ms (next.js: 118ms, proxy.ts: 64ms, application-code: 1718ms)
 GET /api/operator/conversations?handoff_status=OPENED&page_size=10 200 in 1912ms (next.js: 110ms, proxy.ts: 62ms, application-code: 1741ms)
 GET /api/operator/handoffs/summary?window=7d 200 in 2.6s (next.js: 69ms, proxy.ts: 58ms, application-code: 2.5s)
 GET /api/operator/models/active 200 in 1440ms (next.js: 22ms, proxy.ts: 31ms, application-code: 1387ms)
 GET /api/operator/schedule/slots?from=2026-04-22T22%3A24%3A58.711Z&to=2026-05-06T22%3A24%3A58.711Z&page_size=100 200 in 1605ms (next.js: 31ms, proxy.ts: 23ms, application-code: 1550ms)
 GET /api/operator/media?page_size=100 200 in 1604ms (next.js: 45ms, proxy.ts: 25ms, application-code: 1534ms)
 GET /api/operator/receipts?needs_review=true&page_size=10 200 in 1574ms (next.js: 12ms, proxy.ts: 29ms, application-code: 1532ms)
 GET /api/operator/dashboard/summary?window=24h 200 in 3.6s (next.js: 62ms, proxy.ts: 52ms, application-code: 3.5s)
 GET /api/operator/status/agent?window=24h 200 in 2.3s (next.js: 9ms, proxy.ts: 14ms, application-code: 2.3s)
 GET /midias 200 in 351ms (next.js: 13ms, proxy.ts: 17ms, application-code: 322ms)
✓ Compiled in 625ms
 GET /dashboard 200 in 1759ms (next.js: 994ms, proxy.ts: 469ms, application-code: 295ms)
✓ Compiled in 396ms
 GET /dashboard 500 in 4.0s (next.js: 1713ms, proxy.ts: 1195ms, application-code: 1142ms)
✓ Compiled in 333ms
 GET /dashboard 500 in 2.2s (next.js: 753ms, proxy.ts: 719ms, application-code: 690ms)
 GET /dashboard? 500 in 376ms (next.js: 12ms, proxy.ts: 66ms, application-code: 298ms)
 GET /midias 200 in 295ms (next.js: 72ms, proxy.ts: 17ms, application-code: 207ms)
✓ Compiled in 184ms
 GET /dashboard 500 in 1099ms (next.js: 282ms, proxy.ts: 309ms, application-code: 508ms)
✓ Compiled in 105ms
 GET /dashboard 500 in 1016ms (next.js: 252ms, proxy.ts: 294ms, application-code: 470ms)
 GET /dashboard 500 in 425ms (next.js: 17ms, proxy.ts: 19ms, application-code: 389ms)
✓ Compiled in 279ms
 GET /dashboard 500 in 1964ms (next.js: 364ms, proxy.ts: 360ms, application-code: 1240ms)
✓ Compiled in 141ms
 GET /dashboard 500 in 1144ms (next.js: 273ms, proxy.ts: 268ms, application-code: 604ms)
✓ Compiled in 194ms
 GET /dashboard 500 in 1080ms (next.js: 279ms, proxy.ts: 260ms, application-code: 541ms)
 GET /dashboard 500 in 418ms (next.js: 9ms, proxy.ts: 12ms, application-code: 398ms)
✓ Compiled in 156ms
 GET /dashboard 500 in 1407ms (next.js: 419ms, proxy.ts: 388ms, application-code: 599ms)
[?25h
